This is XeTeX, Version 3.141592653-2.6-0.999994 (TeX Live 2022) (preloaded format=xelatex 2022.5.26)  20 MAR 2024 03:05
entering extended mode
 restricted \write18 enabled.
 %&-line parsing enabled.
**gradu.tex
(./gradu.tex
LaTeX2e <2021-11-15> patch level 1
L3 programming layer <2022-02-24> (/usr/local/texlive/2022/texmf-dist/tex/latex
/base/book.cls
Document Class: book 2021/10/04 v1.4n Standard LaTeX document class
(/usr/local/texlive/2022/texmf-dist/tex/latex/base/bk12.clo
File: bk12.clo 2021/10/04 v1.4n Standard LaTeX file (size option)
)
\c@part=\count181
\c@chapter=\count182
\c@section=\count183
\c@subsection=\count184
\c@subsubsection=\count185
\c@paragraph=\count186
\c@subparagraph=\count187
\c@figure=\count188
\c@table=\count189
\abovecaptionskip=\skip47
\belowcaptionskip=\skip48
\bibindent=\dimen138
) (/usr/local/texlive/2022/texmf-dist/tex/latex/amsmath/amsmath.sty
Package: amsmath 2021/10/15 v2.17l AMS math features
\@mathmargin=\skip49
For additional information on amsmath, use the `?' option.
(/usr/local/texlive/2022/texmf-dist/tex/latex/amsmath/amstext.sty
Package: amstext 2021/08/26 v2.01 AMS text
(/usr/local/texlive/2022/texmf-dist/tex/latex/amsmath/amsgen.sty
File: amsgen.sty 1999/11/30 v2.0 generic functions
\@emptytoks=\toks16
\ex@=\dimen139
)) (/usr/local/texlive/2022/texmf-dist/tex/latex/amsmath/amsbsy.sty
Package: amsbsy 1999/11/29 v1.2d Bold Symbols
\pmbraise@=\dimen140
) (/usr/local/texlive/2022/texmf-dist/tex/latex/amsmath/amsopn.sty
Package: amsopn 2021/08/26 v2.02 operator names
)
\inf@bad=\count190
LaTeX Info: Redefining \frac on input line 234.
\uproot@=\count191
\leftroot@=\count192
LaTeX Info: Redefining \overline on input line 399.
\classnum@=\count193
\DOTSCASE@=\count194
LaTeX Info: Redefining \ldots on input line 496.
LaTeX Info: Redefining \dots on input line 499.
LaTeX Info: Redefining \cdots on input line 620.
\Mathstrutbox@=\box50
\strutbox@=\box51
\big@size=\dimen141
LaTeX Font Info:    Redeclaring font encoding OML on input line 743.
LaTeX Font Info:    Redeclaring font encoding OMS on input line 744.
\macc@depth=\count195
\c@MaxMatrixCols=\count196
\dotsspace@=\muskip16
\c@parentequation=\count197
\dspbrk@lvl=\count198
\tag@help=\toks17
\row@=\count199
\column@=\count266
\maxfields@=\count267
\andhelp@=\toks18
\eqnshift@=\dimen142
\alignsep@=\dimen143
\tagshift@=\dimen144
\tagwidth@=\dimen145
\totwidth@=\dimen146
\lineht@=\dimen147
\@envbody=\toks19
\multlinegap=\skip50
\multlinetaggap=\skip51
\mathdisplay@stack=\toks20
LaTeX Info: Redefining \[ on input line 2938.
LaTeX Info: Redefining \] on input line 2939.
) (/usr/local/texlive/2022/texmf-dist/tex/latex/amsfonts/amssymb.sty
Package: amssymb 2013/01/14 v3.01 AMS font symbols
(/usr/local/texlive/2022/texmf-dist/tex/latex/amsfonts/amsfonts.sty
Package: amsfonts 2013/01/14 v3.01 Basic AMSFonts support
\symAMSa=\mathgroup4
\symAMSb=\mathgroup5
LaTeX Font Info:    Redeclaring math symbol \hbar on input line 98.
LaTeX Font Info:    Overwriting math alphabet `\mathfrak' in version `bold'
(Font)                  U/euf/m/n --> U/euf/b/n on input line 106.
)) (/usr/local/texlive/2022/texmf-dist/tex/generic/iftex/iftex.sty
Package: iftex 2022/02/03 v1.0f TeX engine tests
) (/usr/local/texlive/2022/texmf-dist/tex/latex/unicode-math/unicode-math.sty (
/usr/local/texlive/2022/texmf-dist/tex/latex/l3kernel/expl3.sty
Package: expl3 2022-02-24 L3 programming layer (loader) 
(/usr/local/texlive/2022/texmf-dist/tex/latex/l3backend/l3backend-xetex.def
File: l3backend-xetex.def 2022-02-07 L3 backend support: XeTeX
(|extractbb --version)
\c__kernel_sys_dvipdfmx_version_int=\count268
\l__color_backend_stack_int=\count269
\g__color_backend_stack_int=\count270
\g__graphics_track_int=\count271
\l__pdf_internal_box=\box52
\g__pdf_backend_object_int=\count272
\g__pdf_backend_annotation_int=\count273
\g__pdf_backend_link_int=\count274
))
Package: unicode-math 2020/01/31 v0.8q Unicode maths in XeLaTeX and LuaLaTeX

(/usr/local/texlive/2022/texmf-dist/tex/latex/unicode-math/unicode-math-xetex.s
ty
Package: unicode-math-xetex 2020/01/31 v0.8q Unicode maths in XeLaTeX and LuaLa
TeX
(/usr/local/texlive/2022/texmf-dist/tex/latex/l3packages/xparse/xparse.sty
Package: xparse 2022-01-12 L3 Experimental document command parser
) (/usr/local/texlive/2022/texmf-dist/tex/latex/l3packages/l3keys2e/l3keys2e.st
y
Package: l3keys2e 2022-01-12 LaTeX2e option processing using LaTeX3 keys
) (/usr/local/texlive/2022/texmf-dist/tex/latex/fontspec/fontspec.sty
Package: fontspec 2022/01/15 v2.8a Font selection for XeLaTeX and LuaLaTeX
(/usr/local/texlive/2022/texmf-dist/tex/latex/fontspec/fontspec-xetex.sty
Package: fontspec-xetex 2022/01/15 v2.8a Font selection for XeLaTeX and LuaLaTe
X
\l__fontspec_script_int=\count275
\l__fontspec_language_int=\count276
\l__fontspec_strnum_int=\count277
\l__fontspec_tmp_int=\count278
\l__fontspec_tmpa_int=\count279
\l__fontspec_tmpb_int=\count280
\l__fontspec_tmpc_int=\count281
\l__fontspec_em_int=\count282
\l__fontspec_emdef_int=\count283
\l__fontspec_strong_int=\count284
\l__fontspec_strongdef_int=\count285
\l__fontspec_tmpa_dim=\dimen148
\l__fontspec_tmpb_dim=\dimen149
\l__fontspec_tmpc_dim=\dimen150
(/usr/local/texlive/2022/texmf-dist/tex/latex/base/fontenc.sty
Package: fontenc 2021/04/29 v2.0v Standard LaTeX package
) (/usr/local/texlive/2022/texmf-dist/tex/latex/fontspec/fontspec.cfg))) (/usr/
local/texlive/2022/texmf-dist/tex/latex/base/fix-cm.sty
Package: fix-cm 2020/11/24 v1.1t fixes to LaTeX
(/usr/local/texlive/2022/texmf-dist/tex/latex/base/ts1enc.def
File: ts1enc.def 2001/06/05 v3.0e (jk/car/fm) Standard LaTeX file
LaTeX Font Info:    Redeclaring font encoding TS1 on input line 47.
))
\g__um_fam_int=\count286
\g__um_fonts_used_int=\count287
\l__um_primecount_int=\count288
\g__um_primekern_muskip=\muskip17

(/usr/local/texlive/2022/texmf-dist/tex/latex/unicode-math/unicode-math-table.t
ex))) (/usr/local/texlive/2022/texmf-dist/tex/latex/lm/lmodern.sty
Package: lmodern 2015/05/01 v1.6.1 Latin Modern Fonts
LaTeX Font Info:    Overwriting symbol font `operators' in version `normal'
(Font)                  OT1/cmr/m/n --> OT1/lmr/m/n on input line 22.
LaTeX Font Info:    Overwriting symbol font `letters' in version `normal'
(Font)                  OML/cmm/m/it --> OML/lmm/m/it on input line 23.
LaTeX Font Info:    Overwriting symbol font `symbols' in version `normal'
(Font)                  OMS/cmsy/m/n --> OMS/lmsy/m/n on input line 24.
LaTeX Font Info:    Overwriting symbol font `largesymbols' in version `normal'
(Font)                  OMX/cmex/m/n --> OMX/lmex/m/n on input line 25.
LaTeX Font Info:    Overwriting symbol font `operators' in version `bold'
(Font)                  OT1/cmr/bx/n --> OT1/lmr/bx/n on input line 26.
LaTeX Font Info:    Overwriting symbol font `letters' in version `bold'
(Font)                  OML/cmm/b/it --> OML/lmm/b/it on input line 27.
LaTeX Font Info:    Overwriting symbol font `symbols' in version `bold'
(Font)                  OMS/cmsy/b/n --> OMS/lmsy/b/n on input line 28.
LaTeX Font Info:    Overwriting symbol font `largesymbols' in version `bold'
(Font)                  OMX/cmex/m/n --> OMX/lmex/m/n on input line 29.
LaTeX Font Info:    Overwriting math alphabet `\mathbf' in version `normal'
(Font)                  OT1/cmr/bx/n --> OT1/lmr/bx/n on input line 31.
LaTeX Font Info:    Overwriting math alphabet `\mathsf' in version `normal'
(Font)                  OT1/cmss/m/n --> OT1/lmss/m/n on input line 32.
LaTeX Font Info:    Overwriting math alphabet `\mathit' in version `normal'
(Font)                  OT1/cmr/m/it --> OT1/lmr/m/it on input line 33.
LaTeX Font Info:    Overwriting math alphabet `\mathtt' in version `normal'
(Font)                  OT1/cmtt/m/n --> OT1/lmtt/m/n on input line 34.
LaTeX Font Info:    Overwriting math alphabet `\mathbf' in version `bold'
(Font)                  OT1/cmr/bx/n --> OT1/lmr/bx/n on input line 35.
LaTeX Font Info:    Overwriting math alphabet `\mathsf' in version `bold'
(Font)                  OT1/cmss/bx/n --> OT1/lmss/bx/n on input line 36.
LaTeX Font Info:    Overwriting math alphabet `\mathit' in version `bold'
(Font)                  OT1/cmr/bx/it --> OT1/lmr/bx/it on input line 37.
LaTeX Font Info:    Overwriting math alphabet `\mathtt' in version `bold'
(Font)                  OT1/cmtt/m/n --> OT1/lmtt/m/n on input line 38.
) (/usr/local/texlive/2022/texmf-dist/tex/latex/upquote/upquote.sty
Package: upquote 2012/04/19 v1.3 upright-quote and grave-accent glyphs in verba
tim
(/usr/local/texlive/2022/texmf-dist/tex/latex/base/textcomp.sty
Package: textcomp 2020/02/02 v2.0n Standard LaTeX package
)) (/usr/local/texlive/2022/texmf-dist/tex/latex/microtype/microtype.sty
Package: microtype 2022/03/14 v3.0d Micro-typographical refinements (RS)
(/usr/local/texlive/2022/texmf-dist/tex/latex/graphics/keyval.sty
Package: keyval 2014/10/28 v1.15 key=value parser (DPC)
\KV@toks@=\toks21
) (/usr/local/texlive/2022/texmf-dist/tex/latex/etoolbox/etoolbox.sty
Package: etoolbox 2020/10/05 v2.5k e-TeX tools for LaTeX (JAW)
\etb@tempcnta=\count289
)
\MT@toks=\toks22
\MT@tempbox=\box53
\MT@count=\count290
LaTeX Info: Redefining \noprotrusionifhmode on input line 1027.
LaTeX Info: Redefining \leftprotrusion on input line 1028.
LaTeX Info: Redefining \rightprotrusion on input line 1036.
LaTeX Info: Redefining \textls on input line 1195.
\MT@outer@kern=\dimen151
LaTeX Info: Redefining \textmicrotypecontext on input line 1781.
\MT@listname@count=\count291
(/usr/local/texlive/2022/texmf-dist/tex/latex/microtype/microtype-xetex.def
File: microtype-xetex.def 2022/03/14 v3.0d Definitions specific to xetex (RS)
LaTeX Info: Redefining \lsstyle on input line 236.
)
Package microtype Info: Loading configuration file microtype.cfg.
(/usr/local/texlive/2022/texmf-dist/tex/latex/microtype/microtype.cfg
File: microtype.cfg 2022/03/14 v3.0d microtype main configuration file (RS)
)) (/usr/local/texlive/2022/texmf-dist/tex/latex/parskip/parskip.sty
Package: parskip 2021-03-14 v2.0h non-zero parskip adjustments
(/usr/local/texlive/2022/texmf-dist/tex/latex/kvoptions/kvoptions.sty
Package: kvoptions 2020-10-07 v3.14 Key value format for package options (HO)
(/usr/local/texlive/2022/texmf-dist/tex/generic/ltxcmds/ltxcmds.sty
Package: ltxcmds 2020-05-10 v1.25 LaTeX kernel commands for general use (HO)
) (/usr/local/texlive/2022/texmf-dist/tex/generic/kvsetkeys/kvsetkeys.sty
Package: kvsetkeys 2019/12/15 v1.18 Key value parser (HO)
))) (/usr/local/texlive/2022/texmf-dist/tex/latex/xcolor/xcolor.sty
Package: xcolor 2021/10/31 v2.13 LaTeX color extensions (UK)
(/usr/local/texlive/2022/texmf-dist/tex/latex/graphics-cfg/color.cfg
File: color.cfg 2016/01/02 v1.6 sample color configuration
)
Package xcolor Info: Driver file: xetex.def on input line 227.
(/usr/local/texlive/2022/texmf-dist/tex/latex/graphics-def/xetex.def
File: xetex.def 2021/03/18 v5.0k Graphics/color driver for xetex
)
Package xcolor Info: Model `cmy' substituted by `cmy0' on input line 1352.
Package xcolor Info: Model `RGB' extended on input line 1368.
Package xcolor Info: Model `HTML' substituted by `rgb' on input line 1370.
Package xcolor Info: Model `Hsb' substituted by `hsb' on input line 1371.
Package xcolor Info: Model `tHsb' substituted by `hsb' on input line 1372.
Package xcolor Info: Model `HSB' substituted by `hsb' on input line 1373.
Package xcolor Info: Model `Gray' substituted by `gray' on input line 1374.
Package xcolor Info: Model `wave' substituted by `hsb' on input line 1375.
(/usr/local/texlive/2022/texmf-dist/tex/latex/graphics/dvipsnam.def
File: dvipsnam.def 2016/06/17 v3.0m Driver-dependent file (DPC,SPQR)
) (/usr/local/texlive/2022/texmf-dist/tex/latex/xcolor/svgnam.def
File: svgnam.def 2021/10/31 v2.13 Predefined colors according to SVG 1.1 (UK)
) (/usr/local/texlive/2022/texmf-dist/tex/latex/xcolor/x11nam.def
File: x11nam.def 2021/10/31 v2.13 Predefined colors according to Unix/X11 (UK)
)) (/usr/local/texlive/2022/texmf-dist/tex/latex/tools/longtable.sty
Package: longtable 2021-09-01 v4.17 Multi-page Table package (DPC)
\LTleft=\skip52
\LTright=\skip53
\LTpre=\skip54
\LTpost=\skip55
\LTchunksize=\count292
\LTcapwidth=\dimen152
\LT@head=\box54
\LT@firsthead=\box55
\LT@foot=\box56
\LT@lastfoot=\box57
\LT@gbox=\box58
\LT@cols=\count293
\LT@rows=\count294
\c@LT@tables=\count295
\c@LT@chunks=\count296
\LT@p@ftn=\toks23
) (/usr/local/texlive/2022/texmf-dist/tex/latex/booktabs/booktabs.sty
Package: booktabs 2020/01/12 v1.61803398 Publication quality tables
\heavyrulewidth=\dimen153
\lightrulewidth=\dimen154
\cmidrulewidth=\dimen155
\belowrulesep=\dimen156
\belowbottomsep=\dimen157
\aboverulesep=\dimen158
\abovetopsep=\dimen159
\cmidrulesep=\dimen160
\cmidrulekern=\dimen161
\defaultaddspace=\dimen162
\@cmidla=\count297
\@cmidlb=\count298
\@aboverulesep=\dimen163
\@belowrulesep=\dimen164
\@thisruleclass=\count299
\@lastruleclass=\count300
\@thisrulewidth=\dimen165
) (/usr/local/texlive/2022/texmf-dist/tex/latex/tools/array.sty
Package: array 2021/10/04 v2.5f Tabular extension package (FMi)
\col@sep=\dimen166
\ar@mcellbox=\box59
\extrarowheight=\dimen167
\NC@list=\toks24
\extratabsurround=\skip56
\backup@length=\skip57
\ar@cellbox=\box60
) (/usr/local/texlive/2022/texmf-dist/tex/latex/tools/calc.sty
Package: calc 2017/05/25 v4.3 Infix arithmetic (KKT,FJ)
\calc@Acount=\count301
\calc@Bcount=\count302
\calc@Adimen=\dimen168
\calc@Bdimen=\dimen169
\calc@Askip=\skip58
\calc@Bskip=\skip59
LaTeX Info: Redefining \setlength on input line 80.
LaTeX Info: Redefining \addtolength on input line 81.
\calc@Ccount=\count303
\calc@Cskip=\skip60
) (/usr/local/texlive/2022/texmf-dist/tex/latex/footnotehyper/footnotehyper.sty
Package: footnotehyper 2021/08/13 v1.1e hyperref aware footnote.sty (JFB)
\FNH@notes=\box61
\FNH@width=\dimen170
\FNH@toks=\toks25
) (/usr/local/texlive/2022/texmf-dist/tex/latex/graphics/graphicx.sty
Package: graphicx 2021/09/16 v1.2d Enhanced LaTeX Graphics (DPC,SPQR)
(/usr/local/texlive/2022/texmf-dist/tex/latex/graphics/graphics.sty
Package: graphics 2021/03/04 v1.4d Standard LaTeX Graphics (DPC,SPQR)
(/usr/local/texlive/2022/texmf-dist/tex/latex/graphics/trig.sty
Package: trig 2021/08/11 v1.11 sin cos tan (DPC)
) (/usr/local/texlive/2022/texmf-dist/tex/latex/graphics-cfg/graphics.cfg
File: graphics.cfg 2016/06/04 v1.11 sample graphics configuration
)
Package graphics Info: Driver file: xetex.def on input line 107.
)
\Gin@req@height=\dimen171
\Gin@req@width=\dimen172
) (/usr/local/texlive/2022/texmf-dist/tex/generic/babel/babel.sty
Package: babel 2022/02/26 3.73 The Babel package
\babel@savecnt=\count304
\U@D=\dimen173
\l@unhyphenated=\language87
(/usr/local/texlive/2022/texmf-dist/tex/generic/babel/xebabel.def (/usr/local/t
exlive/2022/texmf-dist/tex/generic/babel/txtbabel.def))
\bbl@readstream=\read2
\bbl@dirlevel=\count305
Package babel Info: You haven't specified a language. I'll use 'nil'
(babel)             as the main language. Reported on input line 4305.
(/usr/local/texlive/2022/texmf-dist/tex/generic/babel/nil.ldf
Language: nil 2022/02/26 3.73 Nil language
\l@nil=\language88
))
\everypar=\toks26

(/usr/local/texlive/2022/texmf-dist/tex/generic/babel/locale/fi/babel-finnish.t
ex)
Package babel Info: Importing data for finnish
(babel)             from babel-fi.ini. Reported on input line 73.
Package babel Info: Hyphen rules for 'finnish' set to \l@finnish
(babel)             (\language27). Reported on input line 73.
(/usr/local/texlive/2022/texmf-dist/tex/latex/base/fontenc.sty
Package: fontenc 2021/04/29 v2.0v Standard LaTeX package
LaTeX Font Info:    Trying to load font information for T1+lmr on input line 11
2.
(/usr/local/texlive/2022/texmf-dist/tex/latex/lm/t1lmr.fd
File: t1lmr.fd 2015/05/01 v1.6.1 Font defs for Latin Modern
)) (/usr/local/texlive/2022/texmf-dist/tex/latex/tools/xspace.sty
Package: xspace 2014/10/28 v1.13 Space after command names (DPC,MH)
) (/usr/local/texlive/2022/texmf-dist/tex/latex/tikz-cd/tikz-cd.sty
Package: tikz-cd 2021/05/04 v1.0 Commutative diagrams with TikZ
(/usr/local/texlive/2022/texmf-dist/tex/latex/pgf/frontendlayer/tikz.sty (/usr/
local/texlive/2022/texmf-dist/tex/latex/pgf/basiclayer/pgf.sty (/usr/local/texl
ive/2022/texmf-dist/tex/latex/pgf/utilities/pgfrcs.sty
(/usr/local/texlive/2022/texmf-dist/tex/generic/pgf/utilities/pgfutil-common.te
x
\pgfutil@everybye=\toks27
\pgfutil@tempdima=\dimen174
\pgfutil@tempdimb=\dimen175

(/usr/local/texlive/2022/texmf-dist/tex/generic/pgf/utilities/pgfutil-common-li
sts.tex))
(/usr/local/texlive/2022/texmf-dist/tex/generic/pgf/utilities/pgfutil-latex.def
\pgfutil@abb=\box62
) (/usr/local/texlive/2022/texmf-dist/tex/generic/pgf/utilities/pgfrcs.code.tex
(/usr/local/texlive/2022/texmf-dist/tex/generic/pgf/pgf.revision.tex)
Package: pgfrcs 2021/05/15 v3.1.9a (3.1.9a)
))
Package: pgf 2021/05/15 v3.1.9a (3.1.9a)
(/usr/local/texlive/2022/texmf-dist/tex/latex/pgf/basiclayer/pgfcore.sty (/usr/
local/texlive/2022/texmf-dist/tex/latex/pgf/systemlayer/pgfsys.sty
(/usr/local/texlive/2022/texmf-dist/tex/generic/pgf/systemlayer/pgfsys.code.tex
Package: pgfsys 2021/05/15 v3.1.9a (3.1.9a)
(/usr/local/texlive/2022/texmf-dist/tex/generic/pgf/utilities/pgfkeys.code.tex
\pgfkeys@pathtoks=\toks28
\pgfkeys@temptoks=\toks29

(/usr/local/texlive/2022/texmf-dist/tex/generic/pgf/utilities/pgfkeysfiltered.c
ode.tex
\pgfkeys@tmptoks=\toks30
))
\pgf@x=\dimen176
\pgf@y=\dimen177
\pgf@xa=\dimen178
\pgf@ya=\dimen179
\pgf@xb=\dimen180
\pgf@yb=\dimen181
\pgf@xc=\dimen182
\pgf@yc=\dimen183
\pgf@xd=\dimen184
\pgf@yd=\dimen185
\w@pgf@writea=\write3
\r@pgf@reada=\read3
\c@pgf@counta=\count306
\c@pgf@countb=\count307
\c@pgf@countc=\count308
\c@pgf@countd=\count309
\t@pgf@toka=\toks31
\t@pgf@tokb=\toks32
\t@pgf@tokc=\toks33
\pgf@sys@id@count=\count310
(/usr/local/texlive/2022/texmf-dist/tex/generic/pgf/systemlayer/pgf.cfg
File: pgf.cfg 2021/05/15 v3.1.9a (3.1.9a)
)
Driver file for pgf: pgfsys-xetex.def

(/usr/local/texlive/2022/texmf-dist/tex/generic/pgf/systemlayer/pgfsys-xetex.de
f
File: pgfsys-xetex.def 2021/05/15 v3.1.9a (3.1.9a)

(/usr/local/texlive/2022/texmf-dist/tex/generic/pgf/systemlayer/pgfsys-dvipdfmx
.def
File: pgfsys-dvipdfmx.def 2021/05/15 v3.1.9a (3.1.9a)

(/usr/local/texlive/2022/texmf-dist/tex/generic/pgf/systemlayer/pgfsys-common-p
df.def
File: pgfsys-common-pdf.def 2021/05/15 v3.1.9a (3.1.9a)
)
\pgfsys@objnum=\count311
)))
(/usr/local/texlive/2022/texmf-dist/tex/generic/pgf/systemlayer/pgfsyssoftpath.
code.tex
File: pgfsyssoftpath.code.tex 2021/05/15 v3.1.9a (3.1.9a)
\pgfsyssoftpath@smallbuffer@items=\count312
\pgfsyssoftpath@bigbuffer@items=\count313
)
(/usr/local/texlive/2022/texmf-dist/tex/generic/pgf/systemlayer/pgfsysprotocol.
code.tex
File: pgfsysprotocol.code.tex 2021/05/15 v3.1.9a (3.1.9a)
))
(/usr/local/texlive/2022/texmf-dist/tex/generic/pgf/basiclayer/pgfcore.code.tex
Package: pgfcore 2021/05/15 v3.1.9a (3.1.9a)
(/usr/local/texlive/2022/texmf-dist/tex/generic/pgf/math/pgfmath.code.tex (/usr
/local/texlive/2022/texmf-dist/tex/generic/pgf/math/pgfmathcalc.code.tex (/usr/
local/texlive/2022/texmf-dist/tex/generic/pgf/math/pgfmathutil.code.tex)
(/usr/local/texlive/2022/texmf-dist/tex/generic/pgf/math/pgfmathparser.code.tex
\pgfmath@dimen=\dimen186
\pgfmath@count=\count314
\pgfmath@box=\box63
\pgfmath@toks=\toks34
\pgfmath@stack@operand=\toks35
\pgfmath@stack@operation=\toks36
)
(/usr/local/texlive/2022/texmf-dist/tex/generic/pgf/math/pgfmathfunctions.code.
tex
(/usr/local/texlive/2022/texmf-dist/tex/generic/pgf/math/pgfmathfunctions.basic
.code.tex)
(/usr/local/texlive/2022/texmf-dist/tex/generic/pgf/math/pgfmathfunctions.trigo
nometric.code.tex)
(/usr/local/texlive/2022/texmf-dist/tex/generic/pgf/math/pgfmathfunctions.rando
m.code.tex)
(/usr/local/texlive/2022/texmf-dist/tex/generic/pgf/math/pgfmathfunctions.compa
rison.code.tex)
(/usr/local/texlive/2022/texmf-dist/tex/generic/pgf/math/pgfmathfunctions.base.
code.tex)
(/usr/local/texlive/2022/texmf-dist/tex/generic/pgf/math/pgfmathfunctions.round
.code.tex)
(/usr/local/texlive/2022/texmf-dist/tex/generic/pgf/math/pgfmathfunctions.misc.
code.tex)
(/usr/local/texlive/2022/texmf-dist/tex/generic/pgf/math/pgfmathfunctions.integ
erarithmetics.code.tex))) (/usr/local/texlive/2022/texmf-dist/tex/generic/pgf/m
ath/pgfmathfloat.code.tex
\c@pgfmathroundto@lastzeros=\count315
)) (/usr/local/texlive/2022/texmf-dist/tex/generic/pgf/math/pgfint.code.tex)
(/usr/local/texlive/2022/texmf-dist/tex/generic/pgf/basiclayer/pgfcorepoints.co
de.tex
File: pgfcorepoints.code.tex 2021/05/15 v3.1.9a (3.1.9a)
\pgf@picminx=\dimen187
\pgf@picmaxx=\dimen188
\pgf@picminy=\dimen189
\pgf@picmaxy=\dimen190
\pgf@pathminx=\dimen191
\pgf@pathmaxx=\dimen192
\pgf@pathminy=\dimen193
\pgf@pathmaxy=\dimen194
\pgf@xx=\dimen195
\pgf@xy=\dimen196
\pgf@yx=\dimen197
\pgf@yy=\dimen198
\pgf@zx=\dimen199
\pgf@zy=\dimen256
)
(/usr/local/texlive/2022/texmf-dist/tex/generic/pgf/basiclayer/pgfcorepathconst
ruct.code.tex
File: pgfcorepathconstruct.code.tex 2021/05/15 v3.1.9a (3.1.9a)
\pgf@path@lastx=\dimen257
\pgf@path@lasty=\dimen258
)
(/usr/local/texlive/2022/texmf-dist/tex/generic/pgf/basiclayer/pgfcorepathusage
.code.tex
File: pgfcorepathusage.code.tex 2021/05/15 v3.1.9a (3.1.9a)
\pgf@shorten@end@additional=\dimen259
\pgf@shorten@start@additional=\dimen260
)
(/usr/local/texlive/2022/texmf-dist/tex/generic/pgf/basiclayer/pgfcorescopes.co
de.tex
File: pgfcorescopes.code.tex 2021/05/15 v3.1.9a (3.1.9a)
\pgfpic=\box64
\pgf@hbox=\box65
\pgf@layerbox@main=\box66
\pgf@picture@serial@count=\count316
)
(/usr/local/texlive/2022/texmf-dist/tex/generic/pgf/basiclayer/pgfcoregraphicst
ate.code.tex
File: pgfcoregraphicstate.code.tex 2021/05/15 v3.1.9a (3.1.9a)
\pgflinewidth=\dimen261
)
(/usr/local/texlive/2022/texmf-dist/tex/generic/pgf/basiclayer/pgfcoretransform
ations.code.tex
File: pgfcoretransformations.code.tex 2021/05/15 v3.1.9a (3.1.9a)
\pgf@pt@x=\dimen262
\pgf@pt@y=\dimen263
\pgf@pt@temp=\dimen264
)
(/usr/local/texlive/2022/texmf-dist/tex/generic/pgf/basiclayer/pgfcorequick.cod
e.tex
File: pgfcorequick.code.tex 2021/05/15 v3.1.9a (3.1.9a)
)
(/usr/local/texlive/2022/texmf-dist/tex/generic/pgf/basiclayer/pgfcoreobjects.c
ode.tex
File: pgfcoreobjects.code.tex 2021/05/15 v3.1.9a (3.1.9a)
)
(/usr/local/texlive/2022/texmf-dist/tex/generic/pgf/basiclayer/pgfcorepathproce
ssing.code.tex
File: pgfcorepathprocessing.code.tex 2021/05/15 v3.1.9a (3.1.9a)
)
(/usr/local/texlive/2022/texmf-dist/tex/generic/pgf/basiclayer/pgfcorearrows.co
de.tex
File: pgfcorearrows.code.tex 2021/05/15 v3.1.9a (3.1.9a)
\pgfarrowsep=\dimen265
)
(/usr/local/texlive/2022/texmf-dist/tex/generic/pgf/basiclayer/pgfcoreshade.cod
e.tex
File: pgfcoreshade.code.tex 2021/05/15 v3.1.9a (3.1.9a)
\pgf@max=\dimen266
\pgf@sys@shading@range@num=\count317
\pgf@shadingcount=\count318
)
(/usr/local/texlive/2022/texmf-dist/tex/generic/pgf/basiclayer/pgfcoreimage.cod
e.tex
File: pgfcoreimage.code.tex 2021/05/15 v3.1.9a (3.1.9a)

(/usr/local/texlive/2022/texmf-dist/tex/generic/pgf/basiclayer/pgfcoreexternal.
code.tex
File: pgfcoreexternal.code.tex 2021/05/15 v3.1.9a (3.1.9a)
\pgfexternal@startupbox=\box67
))
(/usr/local/texlive/2022/texmf-dist/tex/generic/pgf/basiclayer/pgfcorelayers.co
de.tex
File: pgfcorelayers.code.tex 2021/05/15 v3.1.9a (3.1.9a)
)
(/usr/local/texlive/2022/texmf-dist/tex/generic/pgf/basiclayer/pgfcoretranspare
ncy.code.tex
File: pgfcoretransparency.code.tex 2021/05/15 v3.1.9a (3.1.9a)
)
(/usr/local/texlive/2022/texmf-dist/tex/generic/pgf/basiclayer/pgfcorepatterns.
code.tex
File: pgfcorepatterns.code.tex 2021/05/15 v3.1.9a (3.1.9a)
)
(/usr/local/texlive/2022/texmf-dist/tex/generic/pgf/basiclayer/pgfcorerdf.code.
tex
File: pgfcorerdf.code.tex 2021/05/15 v3.1.9a (3.1.9a)
)))
(/usr/local/texlive/2022/texmf-dist/tex/generic/pgf/modules/pgfmoduleshapes.cod
e.tex
File: pgfmoduleshapes.code.tex 2021/05/15 v3.1.9a (3.1.9a)
\pgfnodeparttextbox=\box68
)
(/usr/local/texlive/2022/texmf-dist/tex/generic/pgf/modules/pgfmoduleplot.code.
tex
File: pgfmoduleplot.code.tex 2021/05/15 v3.1.9a (3.1.9a)
)
(/usr/local/texlive/2022/texmf-dist/tex/latex/pgf/compatibility/pgfcomp-version
-0-65.sty
Package: pgfcomp-version-0-65 2021/05/15 v3.1.9a (3.1.9a)
\pgf@nodesepstart=\dimen267
\pgf@nodesepend=\dimen268
)
(/usr/local/texlive/2022/texmf-dist/tex/latex/pgf/compatibility/pgfcomp-version
-1-18.sty
Package: pgfcomp-version-1-18 2021/05/15 v3.1.9a (3.1.9a)
)) (/usr/local/texlive/2022/texmf-dist/tex/latex/pgf/utilities/pgffor.sty (/usr
/local/texlive/2022/texmf-dist/tex/latex/pgf/utilities/pgfkeys.sty (/usr/local/
texlive/2022/texmf-dist/tex/generic/pgf/utilities/pgfkeys.code.tex)) (/usr/loca
l/texlive/2022/texmf-dist/tex/latex/pgf/math/pgfmath.sty (/usr/local/texlive/20
22/texmf-dist/tex/generic/pgf/math/pgfmath.code.tex)) (/usr/local/texlive/2022/
texmf-dist/tex/generic/pgf/utilities/pgffor.code.tex
Package: pgffor 2021/05/15 v3.1.9a (3.1.9a)
(/usr/local/texlive/2022/texmf-dist/tex/generic/pgf/math/pgfmath.code.tex)
\pgffor@iter=\dimen269
\pgffor@skip=\dimen270
\pgffor@stack=\toks37
\pgffor@toks=\toks38
))
(/usr/local/texlive/2022/texmf-dist/tex/generic/pgf/frontendlayer/tikz/tikz.cod
e.tex
Package: tikz 2021/05/15 v3.1.9a (3.1.9a)

(/usr/local/texlive/2022/texmf-dist/tex/generic/pgf/libraries/pgflibraryplothan
dlers.code.tex
File: pgflibraryplothandlers.code.tex 2021/05/15 v3.1.9a (3.1.9a)
\pgf@plot@mark@count=\count319
\pgfplotmarksize=\dimen271
)
\tikz@lastx=\dimen272
\tikz@lasty=\dimen273
\tikz@lastxsaved=\dimen274
\tikz@lastysaved=\dimen275
\tikz@lastmovetox=\dimen276
\tikz@lastmovetoy=\dimen277
\tikzleveldistance=\dimen278
\tikzsiblingdistance=\dimen279
\tikz@figbox=\box69
\tikz@figbox@bg=\box70
\tikz@tempbox=\box71
\tikz@tempbox@bg=\box72
\tikztreelevel=\count320
\tikznumberofchildren=\count321
\tikznumberofcurrentchild=\count322
\tikz@fig@count=\count323

(/usr/local/texlive/2022/texmf-dist/tex/generic/pgf/modules/pgfmodulematrix.cod
e.tex
File: pgfmodulematrix.code.tex 2021/05/15 v3.1.9a (3.1.9a)
\pgfmatrixcurrentrow=\count324
\pgfmatrixcurrentcolumn=\count325
\pgf@matrix@numberofcolumns=\count326
)
\tikz@expandcount=\count327

(/usr/local/texlive/2022/texmf-dist/tex/generic/pgf/frontendlayer/tikz/librarie
s/tikzlibrarytopaths.code.tex
File: tikzlibrarytopaths.code.tex 2021/05/15 v3.1.9a (3.1.9a)
))) (/usr/local/texlive/2022/texmf-dist/tex/generic/tikz-cd/tikzlibrarycd.code.
tex
(/usr/local/texlive/2022/texmf-dist/tex/generic/pgf/frontendlayer/tikz/librarie
s/tikzlibrarymatrix.code.tex
File: tikzlibrarymatrix.code.tex 2021/05/15 v3.1.9a (3.1.9a)
)
(/usr/local/texlive/2022/texmf-dist/tex/generic/pgf/frontendlayer/tikz/librarie
s/tikzlibraryquotes.code.tex
File: tikzlibraryquotes.code.tex 2021/05/15 v3.1.9a (3.1.9a)
)
(/usr/local/texlive/2022/texmf-dist/tex/generic/pgf/libraries/pgflibraryarrows.
meta.code.tex
File: pgflibraryarrows.meta.code.tex 2021/05/15 v3.1.9a (3.1.9a)
\pgfarrowinset=\dimen280
\pgfarrowlength=\dimen281
\pgfarrowwidth=\dimen282
\pgfarrowlinewidth=\dimen283
))) (/usr/local/texlive/2022/texmf-dist/tex/latex/mathtools/mathtools.sty
Package: mathtools 2022/02/07 v1.28a mathematical typesetting tools
(/usr/local/texlive/2022/texmf-dist/tex/latex/mathtools/mhsetup.sty
Package: mhsetup 2021/03/18 v1.4 programming setup (MH)
)
\g_MT_multlinerow_int=\count328
\l_MT_multwidth_dim=\dimen284
\origjot=\skip61
\l_MT_shortvdotswithinadjustabove_dim=\dimen285
\l_MT_shortvdotswithinadjustbelow_dim=\dimen286
\l_MT_above_intertext_sep=\dimen287
\l_MT_below_intertext_sep=\dimen288
\l_MT_above_shortintertext_sep=\dimen289
\l_MT_below_shortintertext_sep=\dimen290
\xmathstrut@box=\box73
\xmathstrut@dim=\dimen291
) (/usr/local/texlive/2022/texmf-dist/tex/latex/jknapltx/mathrsfs.sty
Package: mathrsfs 1996/01/01 Math RSFS package v1.0 (jk)
\symrsfs=\mathgroup6
) (/usr/local/texlive/2022/texmf-dist/tex/latex/comment/comment.sty
\CommentStream=\write4
Excluding comment 'comment') (/usr/local/texlive/2022/texmf-dist/tex/latex/comm
ath/commath.sty
Invalid UTF-8 byte or sequence at line 6 replaced by U+FFFD.
Invalid UTF-8 byte or sequence at line 9 replaced by U+FFFD.
(/usr/local/texlive/2022/texmf-dist/tex/latex/base/ifthen.sty
Package: ifthen 2020/11/24 v1.1c Standard LaTeX ifthen package (DPC)
)) (/usr/local/texlive/2022/texmf-dist/tex/latex/pict2e/pict2e.sty
Package: pict2e 2020/09/30 v0.4b Improved picture commands (HjG,RN,JT)
(/usr/local/texlive/2022/texmf-dist/tex/latex/pict2e/pict2e.cfg
File: pict2e.cfg 2016/02/05 v0.1u pict2e configuration for teTeX/TeXLive
)
Package pict2e Info: Driver file: xetex.def on input line 112.
Package pict2e Info: Driver file for pict2e: p2e-xetex.def on input line 114.
(/usr/local/texlive/2022/texmf-dist/tex/latex/pict2e/p2e-xetex.def
File: p2e-xetex.def 2016/02/05 v0.1u Driver-dependant file (RN,HjG,JT)
)
\pIIe@GRAPH=\toks39
\@arclen=\dimen292
\@arcrad=\dimen293
\pIIe@tempdima=\dimen294
\pIIe@tempdimb=\dimen295
\pIIe@tempdimc=\dimen296
\pIIe@tempdimd=\dimen297
\pIIe@tempdime=\dimen298
\pIIe@tempdimf=\dimen299
) (/usr/local/texlive/2022/texmf-dist/tex/latex/float/float.sty
Package: float 2001/11/08 v1.3d Float enhancements (AL)
\c@float@type=\count329
\float@exts=\toks40
\float@box=\box74
\@float@everytoks=\toks41
\@floatcapt=\box75
) (/usr/local/texlive/2022/texmf-dist/tex/latex/makecell/makecell.sty
Package: makecell 2009/08/03 V0.1e Managing of Tab Column Heads and Cells
\rotheadsize=\dimen300
\c@nlinenum=\count330
\TeXr@lab=\toks42
) (/usr/local/texlive/2022/texmf-dist/tex/latex/amscls/amsthm.sty
Package: amsthm 2020/05/29 v2.20.6
\thm@style=\toks43
\thm@bodyfont=\toks44
\thm@headfont=\toks45
\thm@notefont=\toks46
\thm@headpunct=\toks47
\thm@preskip=\skip62
\thm@postskip=\skip63
\thm@headsep=\skip64
\dth@everypar=\toks48
) (/usr/local/texlive/2022/texmf-dist/tex/latex/algorithm2e/algorithm2e.sty
Invalid UTF-8 byte or sequence at line 284 replaced by U+FFFD.
Invalid UTF-8 byte or sequence at line 299 replaced by U+FFFD.
Invalid UTF-8 byte or sequence at line 550 replaced by U+FFFD.
Package: algorithm2e 2017/07/18 v5.2 algorithms environments
\c@AlgoLine=\count331
\algocf@hangindent=\skip65
(/usr/local/texlive/2022/texmf-dist/tex/latex/ifoddpage/ifoddpage.sty
Package: ifoddpage 2016/04/23 v1.1 Conditionals for odd/even page detection
\c@checkoddpage=\count332
) (/usr/local/texlive/2022/texmf-dist/tex/latex/relsize/relsize.sty
Package: relsize 2013/03/29 ver 4.1
)
\skiptotal=\skip66
\skiplinenumber=\skip67
\skiprule=\skip68
\skiphlne=\skip69
\skiptext=\skip70
\skiplength=\skip71
\algomargin=\skip72
\skipalgocfslide=\skip73
\algowidth=\dimen301
\inoutsize=\dimen302
\inoutindent=\dimen303
\interspacetitleruled=\dimen304
\interspacealgoruled=\dimen305
\interspacetitleboxruled=\dimen306
\algocf@ruledwidth=\skip74
\algocf@inoutbox=\box76
\algocf@inputbox=\box77
\AlCapSkip=\skip75
\AlCapHSkip=\skip76
\algoskipindent=\skip77
\algocf@nlbox=\box78
\algocf@hangingbox=\box79
\algocf@untilbox=\box80
\algocf@skipuntil=\skip78
\algocf@capbox=\box81
\algocf@lcaptionbox=\skip79
\algoheightruledefault=\skip80
\algoheightrule=\skip81
\algotitleheightruledefault=\skip82
\algotitleheightrule=\skip83
\c@algocfline=\count333
\c@algocfproc=\count334
\c@algocf=\count335
\algocf@algoframe=\box82
\algocf@algobox=\box83
) (/usr/local/texlive/2022/texmf-dist/tex/latex/tools/multicol.sty
Package: multicol 2021/10/28 v1.9b multicolumn formatting (FMi)
\c@tracingmulticols=\count336
\mult@box=\box84
\multicol@leftmargin=\dimen307
\c@unbalance=\count337
\c@collectmore=\count338
\doublecol@number=\count339
\multicoltolerance=\count340
\multicolpretolerance=\count341
\full@width=\dimen308
\page@free=\dimen309
\premulticols=\dimen310
\postmulticols=\dimen311
\multicolsep=\skip84
\multicolbaselineskip=\skip85
\partial@page=\box85
\last@line=\box86
\maxbalancingoverflow=\dimen312
\mult@rightbox=\box87
\mult@grightbox=\box88
\mult@firstbox=\box89
\mult@gfirstbox=\box90
\@tempa=\box91
\@tempa=\box92
\@tempa=\box93
\@tempa=\box94
\@tempa=\box95
\@tempa=\box96
\@tempa=\box97
\@tempa=\box98
\@tempa=\box99
\@tempa=\box100
\@tempa=\box101
\@tempa=\box102
\@tempa=\box103
\@tempa=\box104
\@tempa=\box105
\@tempa=\box106
\@tempa=\box107
\@tempa=\box108
\@tempa=\box109
\@tempa=\box110
\@tempa=\box111
\@tempa=\box112
\@tempa=\box113
\@tempa=\box114
\@tempa=\box115
\@tempa=\box116
\@tempa=\box117
\@tempa=\box118
\@tempa=\box119
\@tempa=\box120
\@tempa=\box121
\@tempa=\box122
\@tempa=\box123
\@tempa=\box124
\@tempa=\box125
\@tempa=\box126
\c@minrows=\count342
\c@columnbadness=\count343
\c@finalcolumnbadness=\count344
\last@try=\dimen313
\multicolovershoot=\dimen314
\multicolundershoot=\dimen315
\mult@nat@firstbox=\box127
\colbreak@box=\box128
\mc@col@check@num=\count345
) (/usr/local/texlive/2022/texmf-dist/tex/latex/was/gensymb.sty
Package: gensymb 2003/07/02 v1.0 (WaS)
)
(/usr/local/texlive/2022/texmf-dist/tex/generic/pgf/frontendlayer/tikz/librarie
s/tikzlibraryshapes.geometric.code.tex
File: tikzlibraryshapes.geometric.code.tex 2021/05/15 v3.1.9a (3.1.9a)

(/usr/local/texlive/2022/texmf-dist/tex/generic/pgf/libraries/shapes/pgflibrary
shapes.geometric.code.tex
File: pgflibraryshapes.geometric.code.tex 2021/05/15 v3.1.9a (3.1.9a)
))
(/usr/local/texlive/2022/texmf-dist/tex/generic/pgf/frontendlayer/tikz/librarie
s/tikzlibraryarrows.code.tex
File: tikzlibraryarrows.code.tex 2021/05/15 v3.1.9a (3.1.9a)

(/usr/local/texlive/2022/texmf-dist/tex/generic/pgf/libraries/pgflibraryarrows.
code.tex
File: pgflibraryarrows.code.tex 2021/05/15 v3.1.9a (3.1.9a)
\arrowsize=\dimen316
)) (/usr/local/texlive/2022/texmf-dist/tex/latex/geometry/geometry.sty
Package: geometry 2020/01/02 v5.9 Page Geometry
(/usr/local/texlive/2022/texmf-dist/tex/generic/iftex/ifvtex.sty
Package: ifvtex 2019/10/25 v1.7 ifvtex legacy package. Use iftex instead.
)
\Gm@cnth=\count346
\Gm@cntv=\count347
\c@Gm@tempcnt=\count348
\Gm@bindingoffset=\dimen317
\Gm@wd@mp=\dimen318
\Gm@odd@mp=\dimen319
\Gm@even@mp=\dimen320
\Gm@layoutwidth=\dimen321
\Gm@layoutheight=\dimen322
\Gm@layouthoffset=\dimen323
\Gm@layoutvoffset=\dimen324
\Gm@dimlist=\toks49
) (/usr/local/texlive/2022/texmf-dist/tex/latex/natbib/natbib.sty
Package: natbib 2010/09/13 8.31b (PWD, AO)
\bibhang=\skip86
\bibsep=\skip87
LaTeX Info: Redefining \cite on input line 694.
\c@NAT@ctr=\count349
) (/usr/local/texlive/2022/texmf-dist/tex/latex/bookmark/bookmark.sty
Package: bookmark 2020-11-06 v1.29 PDF bookmarks (HO)
(/usr/local/texlive/2022/texmf-dist/tex/latex/hyperref/hyperref.sty
Package: hyperref 2022-02-21 v7.00n Hypertext links for LaTeX
(/usr/local/texlive/2022/texmf-dist/tex/generic/pdftexcmds/pdftexcmds.sty
Package: pdftexcmds 2020-06-27 v0.33 Utility functions of pdfTeX for LuaTeX (HO
)
(/usr/local/texlive/2022/texmf-dist/tex/generic/infwarerr/infwarerr.sty
Package: infwarerr 2019/12/03 v1.5 Providing info/warning/error messages (HO)
)
Package pdftexcmds Info: \pdf@primitive is available.
Package pdftexcmds Info: \pdf@ifprimitive is available.
Package pdftexcmds Info: \pdfdraftmode not found.
) (/usr/local/texlive/2022/texmf-dist/tex/generic/kvdefinekeys/kvdefinekeys.sty
Package: kvdefinekeys 2019-12-19 v1.6 Define keys (HO)
) (/usr/local/texlive/2022/texmf-dist/tex/generic/pdfescape/pdfescape.sty
Package: pdfescape 2019/12/09 v1.15 Implements pdfTeX's escape features (HO)
) (/usr/local/texlive/2022/texmf-dist/tex/latex/hycolor/hycolor.sty
Package: hycolor 2020-01-27 v1.10 Color options for hyperref/bookmark (HO)
) (/usr/local/texlive/2022/texmf-dist/tex/latex/letltxmacro/letltxmacro.sty
Package: letltxmacro 2019/12/03 v1.6 Let assignment for LaTeX macros (HO)
) (/usr/local/texlive/2022/texmf-dist/tex/latex/auxhook/auxhook.sty
Package: auxhook 2019-12-17 v1.6 Hooks for auxiliary files (HO)
)
\@linkdim=\dimen325
\Hy@linkcounter=\count350
\Hy@pagecounter=\count351
(/usr/local/texlive/2022/texmf-dist/tex/latex/hyperref/pd1enc.def
File: pd1enc.def 2022-02-21 v7.00n Hyperref: PDFDocEncoding definition (HO)
) (/usr/local/texlive/2022/texmf-dist/tex/generic/intcalc/intcalc.sty
Package: intcalc 2019/12/15 v1.3 Expandable calculations with integers (HO)
) (/usr/local/texlive/2022/texmf-dist/tex/generic/etexcmds/etexcmds.sty
Package: etexcmds 2019/12/15 v1.7 Avoid name clashes with e-TeX commands (HO)
)
\Hy@SavedSpaceFactor=\count352
(/usr/local/texlive/2022/texmf-dist/tex/latex/hyperref/puenc.def
File: puenc.def 2022-02-21 v7.00n Hyperref: PDF Unicode definition (HO)
)
Package hyperref Info: Option `unicode' set `true' on input line 4018.
Package hyperref Info: Hyper figures OFF on input line 4137.
Package hyperref Info: Link nesting OFF on input line 4142.
Package hyperref Info: Hyper index ON on input line 4145.
Package hyperref Info: Plain pages OFF on input line 4152.
Package hyperref Info: Backreferencing OFF on input line 4157.
Package hyperref Info: Implicit mode ON; LaTeX internals redefined.
Package hyperref Info: Bookmarks ON on input line 4390.
\c@Hy@tempcnt=\count353
(/usr/local/texlive/2022/texmf-dist/tex/latex/url/url.sty
\Urlmuskip=\muskip18
Package: url 2013/09/16  ver 3.4  Verb mode for urls, etc.
)
LaTeX Info: Redefining \url on input line 4749.
\XeTeXLinkMargin=\dimen326
(/usr/local/texlive/2022/texmf-dist/tex/generic/bitset/bitset.sty
Package: bitset 2019/12/09 v1.3 Handle bit-vector datatype (HO)
(/usr/local/texlive/2022/texmf-dist/tex/generic/bigintcalc/bigintcalc.sty
Package: bigintcalc 2019/12/15 v1.5 Expandable calculations on big integers (HO
)
))
\Fld@menulength=\count354
\Field@Width=\dimen327
\Fld@charsize=\dimen328
Package hyperref Info: Hyper figures OFF on input line 6027.
Package hyperref Info: Link nesting OFF on input line 6032.
Package hyperref Info: Hyper index ON on input line 6035.
Package hyperref Info: backreferencing OFF on input line 6042.
Package hyperref Info: Link coloring OFF on input line 6047.
Package hyperref Info: Link coloring with OCG OFF on input line 6052.
Package hyperref Info: PDF/A mode OFF on input line 6057.
LaTeX Info: Redefining \ref on input line 6097.
LaTeX Info: Redefining \pageref on input line 6101.
(/usr/local/texlive/2022/texmf-dist/tex/latex/base/atbegshi-ltx.sty
Package: atbegshi-ltx 2021/01/10 v1.0c Emulation of the original atbegshi
package with kernel methods
)
\Hy@abspage=\count355
\c@Item=\count356
\c@Hfootnote=\count357
)
Package hyperref Info: Driver (autodetected): hxetex.
(/usr/local/texlive/2022/texmf-dist/tex/latex/hyperref/hxetex.def
File: hxetex.def 2022-02-21 v7.00n Hyperref driver for XeTeX
(/usr/local/texlive/2022/texmf-dist/tex/generic/stringenc/stringenc.sty
Package: stringenc 2019/11/29 v1.12 Convert strings between diff. encodings (HO
)
)
\pdfm@box=\box129
\c@Hy@AnnotLevel=\count358
\HyField@AnnotCount=\count359
\Fld@listcount=\count360
\c@bookmark@seq@number=\count361

(/usr/local/texlive/2022/texmf-dist/tex/latex/rerunfilecheck/rerunfilecheck.sty
Package: rerunfilecheck 2019/12/05 v1.9 Rerun checks for auxiliary files (HO)
(/usr/local/texlive/2022/texmf-dist/tex/latex/base/atveryend-ltx.sty
Package: atveryend-ltx 2020/08/19 v1.0a Emulation of the original atveryend pac
kage
with kernel methods
)
(/usr/local/texlive/2022/texmf-dist/tex/generic/uniquecounter/uniquecounter.sty
Package: uniquecounter 2019/12/15 v1.4 Provide unlimited unique counter (HO)
)
Package uniquecounter Info: New unique counter `rerunfilecheck' on input line 2
86.
)
\Hy@SectionHShift=\skip88
) (/usr/local/texlive/2022/texmf-dist/tex/latex/bookmark/bkm-dvipdfm.def
File: bkm-dvipdfm.def 2020-11-06 v1.29 bookmark driver for dvipdfm (HO)
\BKM@id=\count362
)) (/usr/local/texlive/2022/texmf-dist/tex/latex/xurl/xurl.sty
Package: xurl 2022/01/09 v 0.10 modify URL breaks
)
Package hyperref Info: Option `colorlinks' set `true' on input line 134.
(./gradu.aux)
\openout1 = `gradu.aux'.

LaTeX Font Info:    Checking defaults for OML/cmm/m/it on input line 139.
LaTeX Font Info:    ... okay on input line 139.
LaTeX Font Info:    Checking defaults for OMS/cmsy/m/n on input line 139.
LaTeX Font Info:    ... okay on input line 139.
LaTeX Font Info:    Checking defaults for OT1/cmr/m/n on input line 139.
LaTeX Font Info:    ... okay on input line 139.
LaTeX Font Info:    Checking defaults for T1/cmr/m/n on input line 139.
LaTeX Font Info:    ... okay on input line 139.
LaTeX Font Info:    Checking defaults for TS1/cmr/m/n on input line 139.
LaTeX Font Info:    ... okay on input line 139.
LaTeX Font Info:    Checking defaults for TU/lmr/m/n on input line 139.
LaTeX Font Info:    ... okay on input line 139.
LaTeX Font Info:    Checking defaults for OMX/cmex/m/n on input line 139.
LaTeX Font Info:    ... okay on input line 139.
LaTeX Font Info:    Checking defaults for U/cmr/m/n on input line 139.
LaTeX Font Info:    ... okay on input line 139.
LaTeX Font Info:    Checking defaults for PD1/pdf/m/n on input line 139.
LaTeX Font Info:    ... okay on input line 139.
LaTeX Font Info:    Checking defaults for PU/pdf/m/n on input line 139.
LaTeX Font Info:    ... okay on input line 139.
LaTeX Font Info:    Overwriting math alphabet `\mathrm' in version `normal'
(Font)                  OT1/lmr/m/n --> TU/lmr/m/n on input line 139.
LaTeX Font Info:    Overwriting math alphabet `\mathit' in version `normal'
(Font)                  OT1/lmr/m/it --> TU/lmr/m/it on input line 139.
LaTeX Font Info:    Overwriting math alphabet `\mathbf' in version `normal'
(Font)                  OT1/lmr/bx/n --> TU/lmr/bx/n on input line 139.
LaTeX Font Info:    Overwriting math alphabet `\mathsf' in version `normal'
(Font)                  OT1/lmss/m/n --> TU/lmss/m/n on input line 139.
LaTeX Font Info:    Overwriting math alphabet `\mathsf' in version `bold'
(Font)                  OT1/lmss/bx/n --> TU/lmss/bx/n on input line 139.
LaTeX Font Info:    Overwriting math alphabet `\mathtt' in version `normal'
(Font)                  OT1/lmtt/m/n --> TU/lmtt/m/n on input line 139.
LaTeX Font Info:    Overwriting math alphabet `\mathtt' in version `bold'
(Font)                  OT1/lmtt/m/n --> TU/lmtt/bx/n on input line 139.

Package fontspec Info: latinmodern-math scale = 0.9989674084607602.


Package fontspec Info: latinmodern-math scale = 0.9989674084607602.


Package fontspec Info: latinmodern-math scale = 0.9989674084607602.


Package fontspec Info: Font family 'latinmodern-math.otf(0)' created for font
(fontspec)             'latinmodern-math.otf' with options
(fontspec)             [Scale=MatchLowercase,BoldItalicFont={},ItalicFont={},Sm
allCapsFont={},Script=Math,BoldFont={latinmodern-math.otf}].
(fontspec)              
(fontspec)              This font family consists of the following NFSS
(fontspec)             series/shapes:
(fontspec)              
(fontspec)             - 'normal' (m/n) with NFSS spec.:
(fontspec)             <->s*[0.9989674084607602]"[latinmodern-math.otf]/OT:scri
pt=math;language=dflt;"
(fontspec)             - 'small caps'  (m/sc) with NFSS spec.: 
(fontspec)             - 'bold' (b/n) with NFSS spec.:
(fontspec)             <->s*[0.9989674084607602]"[latinmodern-math.otf]/OT:scri
pt=math;language=dflt;"
(fontspec)             - 'bold small caps'  (b/sc) with NFSS spec.: 

LaTeX Font Info:    Trying to load font information for T1+latinmodern-math.otf
(0) on input line 139.
LaTeX Font Info:    No file T1latinmodern-math.otf(0).fd. on input line 139.

LaTeX Font Warning: Font shape `T1/latinmodern-math.otf(0)/m/n' undefined
(Font)              using `T1/cmr/m/n' instead on input line 139.


Package unicode-math Warning: The first font loaded by unicode-math must be an
(unicode-math)                OpenType Math font (with script=math). If you
(unicode-math)                simply want ‘the default’ before loading
(unicode-math)                supplementary fonts over the top for certain
(unicode-math)                ranges, use: 
(unicode-math)                  \setmathfont{latinmodern-math.otf}


Package fontspec Info: latinmodern-math scale = 0.9989674084607602.


Package fontspec Info: latinmodern-math scale = 0.9989674084607602.


Package fontspec Info: latinmodern-math scale = 0.9989674084607602.


Package fontspec Info: latinmodern-math scale = 0.9989674084607602.


Package fontspec Info: latinmodern-math scale = 0.9989674084607602.


Package fontspec Info: Font family 'latinmodern-math.otf(1)' created for font
(fontspec)             'latinmodern-math.otf' with options
(fontspec)             [Scale=MatchLowercase,BoldItalicFont={},ItalicFont={},Sm
allCapsFont={},Script=Math,SizeFeatures={{Size=0-},{Size=0-0,Font=latinmodern-m
ath.otf,Style=MathScript},{Size=-0,Font=latinmodern-math.otf,Style=MathScriptSc
ript}},BoldFont={latinmodern-math.otf}].
(fontspec)              
(fontspec)              This font family consists of the following NFSS
(fontspec)             series/shapes:
(fontspec)              
(fontspec)             - 'normal' (m/n) with NFSS spec.:
(fontspec)             <0->s*[0.9989674084607602]"[latinmodern-math.otf]/OT:scr
ipt=math;language=dflt;"<0-0>s*[0.9989674084607602]"[latinmodern-math.otf]/OT:s
cript=math;language=dflt;+ssty=0;"<-0>s*[0.9989674084607602]"[latinmodern-math.
otf]/OT:script=math;language=dflt;+ssty=1;"
(fontspec)             - 'small caps'  (m/sc) with NFSS spec.: 
(fontspec)             - 'bold' (b/n) with NFSS spec.:
(fontspec)             <->s*[0.9989674084607602]"[latinmodern-math.otf]/OT:scri
pt=math;language=dflt;"
(fontspec)             - 'bold small caps'  (b/sc) with NFSS spec.: 

LaTeX Font Info:    Trying to load font information for T1+latinmodern-math.otf
(1) on input line 139.
LaTeX Font Info:    No file T1latinmodern-math.otf(1).fd. on input line 139.

LaTeX Font Warning: Font shape `T1/latinmodern-math.otf(1)/m/n' undefined
(Font)              using `T1/cmr/m/n' instead on input line 139.

LaTeX Font Info:    Encoding `OT1' has changed to `T1' for symbol font
(Font)              `operators' in the math version `normal' on input line 139.

LaTeX Font Info:    Overwriting symbol font `operators' in version `normal'
(Font)                  OT1/lmr/m/n --> T1/latinmodern-math.otf(1)/m/n on input
 line 139.
LaTeX Font Info:    Encoding `OT1' has changed to `T1' for symbol font
(Font)              `operators' in the math version `bold' on input line 139.
LaTeX Font Info:    Overwriting symbol font `operators' in version `bold'
(Font)                  OT1/lmr/bx/n --> T1/latinmodern-math.otf(1)/b/n on inpu
t line 139.

Package unicode-math Warning: Using \overbracket and \underbracket from
(unicode-math)                `mathtools' package.
(unicode-math)                 
(unicode-math)                 Use \Uoverbracket and \Uunderbracket for
(unicode-math)                original `unicode-math' definition.


Package unicode-math Warning: I'm going to overwrite the following commands
(unicode-math)                from the `mathtools' package: 
(unicode-math)                 
(unicode-math)                     \dblcolon, \coloneqq, \Coloneqq, \eqqcolon.
(unicode-math)                
(unicode-math)                 
(unicode-math)                 Note that since I won't overwrite the other
(unicode-math)                colon-like commands, using them will lead to
(unicode-math)                inconsistencies.

LaTeX Info: Redefining \microtypecontext on input line 139.
Package microtype Info: Applying patch `item' on input line 139.
Package microtype Info: Applying patch `toc' on input line 139.
Package microtype Info: Applying patch `eqnum' on input line 139.
Package microtype Info: Applying patch `footnote' on input line 139.
Package microtype Info: Character protrusion enabled (level 2).
Package microtype Info: Using protrusion set `basicmath'.
Package microtype Info: No adjustment of tracking.
Package microtype Info: No adjustment of spacing.
Package microtype Info: No adjustment of kerning.

(/usr/local/texlive/2022/texmf-dist/tex/latex/microtype/mt-LatinModernRoman.cfg
File: mt-LatinModernRoman.cfg 2021/02/21 v1.1 microtype config. file: Latin Mod
ern Roman (RS)
)
Package microtype Info: Loading generic protrusion settings for font family
(microtype)             `lmr' (encoding: T1).
(microtype)             For optimal results, create family-specific settings.
(microtype)             See the microtype manual for details.
\symgns@font=\mathgroup7
LaTeX Font Info:    Overwriting symbol font `gns@font' in version `bold'
(Font)                  TS1/lmr/m/n --> TS1/lmr/b/n on input line 139.
Package gensymb Info: Math companion symbols declared on input line 139.
LaTeX Info: Redefining \degree on input line 139.
LaTeX Info: Redefining \celsius on input line 139.
Package gensymb Info: Using text companion symbols for \degree, \celsius and \p
erthousand on input line 139.
LaTeX Info: Redefining \ohm on input line 139.
Package gensymb Info: Using \textohm for \ohm on input line 139.
Package gensymb Info: Using \textmu for \micro on input line 139.
*geometry* driver: auto-detecting
*geometry* detected driver: xetex
*geometry* verbose mode - [ preamble ] result:
* driver: xetex
* paper: a4paper
* layout: <same size as paper>
* layoutoffset:(h,v)=(0.0pt,0.0pt)
* modes: twoside 
* h-part:(L,W,R)=(85.35826pt, 426.79134pt, 85.35828pt)
* v-part:(T,H,B)=(85.35826pt, 674.3303pt, 85.35828pt)
* \paperwidth=597.50787pt
* \paperheight=845.04684pt
* \textwidth=426.79134pt
* \textheight=674.3303pt
* \oddsidemargin=13.08827pt
* \evensidemargin=13.08829pt
* \topmargin=-18.78552pt
* \headheight=12.0pt
* \headsep=19.8738pt
* \topskip=12.0pt
* \footskip=30.0pt
* \marginparwidth=88.0pt
* \marginparsep=7.0pt
* \columnsep=10.0pt
* \skip\footins=10.8pt plus 4.0pt minus 2.0pt
* \hoffset=0.0pt
* \voffset=0.0pt
* \mag=1000
* \@twocolumnfalse
* \@twosidetrue
* \@mparswitchtrue
* \@reversemarginfalse
* (1in=72.27pt=25.4mm, 1cm=28.453pt)

Package hyperref Info: Link coloring ON on input line 139.
(/usr/local/texlive/2022/texmf-dist/tex/latex/hyperref/nameref.sty
Package: nameref 2021-04-02 v2.47 Cross-referencing by name of section
(/usr/local/texlive/2022/texmf-dist/tex/latex/refcount/refcount.sty
Package: refcount 2019/12/15 v3.6 Data extraction from label references (HO)
)
(/usr/local/texlive/2022/texmf-dist/tex/generic/gettitlestring/gettitlestring.s
ty
Package: gettitlestring 2019/12/15 v1.6 Cleanup title references (HO)
)
\c@section@level=\count363
)
LaTeX Info: Redefining \ref on input line 139.
LaTeX Info: Redefining \pageref on input line 139.
LaTeX Info: Redefining \nameref on input line 139.
File: ./images//UTU_logo_FI.jpeg Graphic file (type bmp)
<./images//UTU_logo_FI.jpeg>
Package microtype Info: Character `029' is missing
(microtype)             in font `T1/lmr/m/sc/14.4'.
(microtype)             Ignoring protrusion settings for this character.
LaTeX Font Info:    Trying to load font information for OML+lmm on input line 1
66.
(/usr/local/texlive/2022/texmf-dist/tex/latex/lm/omllmm.fd
File: omllmm.fd 2015/05/01 v1.6.1 Font defs for Latin Modern
)
LaTeX Font Info:    Trying to load font information for OMS+lmsy on input line 
166.
(/usr/local/texlive/2022/texmf-dist/tex/latex/lm/omslmsy.fd
File: omslmsy.fd 2015/05/01 v1.6.1 Font defs for Latin Modern
)
LaTeX Font Info:    Trying to load font information for OMX+lmex on input line 
166.
(/usr/local/texlive/2022/texmf-dist/tex/latex/lm/omxlmex.fd
File: omxlmex.fd 2015/05/01 v1.6.1 Font defs for Latin Modern
)
LaTeX Font Info:    External font `lmex10' loaded for size
(Font)              <12> on input line 166.
LaTeX Font Info:    External font `lmex10' loaded for size
(Font)              <8> on input line 166.
LaTeX Font Info:    External font `lmex10' loaded for size
(Font)              <6> on input line 166.
LaTeX Font Info:    Trying to load font information for U+msa on input line 166
.
(/usr/local/texlive/2022/texmf-dist/tex/latex/amsfonts/umsa.fd
File: umsa.fd 2013/01/14 v3.01 AMS symbols A
) (/usr/local/texlive/2022/texmf-dist/tex/latex/microtype/mt-msa.cfg
File: mt-msa.cfg 2006/02/04 v1.1 microtype config. file: AMS symbols (a) (RS)
)
LaTeX Font Info:    Trying to load font information for U+msb on input line 166
.
(/usr/local/texlive/2022/texmf-dist/tex/latex/amsfonts/umsb.fd
File: umsb.fd 2013/01/14 v3.01 AMS symbols B
) (/usr/local/texlive/2022/texmf-dist/tex/latex/microtype/mt-msb.cfg
File: mt-msb.cfg 2005/06/01 v1.0 microtype config. file: AMS symbols (b) (RS)
)
LaTeX Font Info:    Trying to load font information for U+rsfs on input line 16
6.
(/usr/local/texlive/2022/texmf-dist/tex/latex/jknapltx/ursfs.fd
File: ursfs.fd 1998/03/24 rsfs font definition file (jk)
) [1

] [2]
Underfull \hbox (badness 10000) in paragraph at lines 186--189

 []

Package microtype Info: Character `029' is missing
(microtype)             in font `T1/lmr/m/sc/12'.
(microtype)             Ignoring protrusion settings for this character.

Underfull \hbox (badness 10000) in paragraph at lines 194--195

 []


Underfull \hbox (badness 10000) in paragraph at lines 199--200
\T1/lmr/m/n/12 Empiirisenä esi-merk-ki-nä tut-kiel-mas-sa tar-kas-tel-laan hiuk
assuodin- ja hiu-
 []


Underfull \hbox (badness 10000) in paragraph at lines 199--200
\T1/lmr/m/n/12 kas-si-loi-ti-nal-go-rit-mien käyt-töä AoA-teknologiaan pe-rus-t
u-vas-sa Bluetooth-
 []

[3

] [4

] (./gradu.toc [1


]
LaTeX Font Info:    Trying to load font information for T1+lmtt on input line 4
8.
(/usr/local/texlive/2022/texmf-dist/tex/latex/lm/t1lmtt.fd
File: t1lmtt.fd 2015/05/01 v1.6.1 Font defs for Latin Modern
)
LaTeX Font Info:    Font shape `T1/lmtt/bx/n' in size <12> not available
(Font)              Font shape `T1/lmtt/b/n' tried instead on input line 48.
)
\tf@toc=\write5
\openout5 = `gradu.toc'.

[2]
\bbl@ensure@finnish {Luku} 1.
[3

]
Missing character: There is no … ("2026) in font ecrm1200!
Missing character: There is no … ("2026) in font ecrm1200!
Missing character: There is no ∶ ("2236) in font ecrm0800!
Missing character: There is no … ("2026) in font ecrm1200!
Missing character: There is no 𝜈 ("1D708) in font ecrm1200!
Missing character: There is no 𝜈 ("1D708) in font ecrm1200!
Missing character: There is no ∼ ("223C) in font ecrm1200!
Missing character: There is no 𝜈 ("1D708) in font ecrm1200!
Missing character: There is no ∼ ("223C) in font ecrm1200!
Missing character: There is no 𝜈 ("1D708) in font ecrm0800!
Missing character: There is no ∼ ("223C) in font ecrm1200!
Missing character: There is no ⋅ ("22C5) in font ecrm1200!
Missing character: There is no ⋅ ("22C5) in font ecrm1200!
Missing character: There is no ∼ ("223C) in font ecrm1200!
Missing character: There is no ∼ ("223C) in font ecrm1200!
Missing character: There is no ∼ ("223C) in font ecrm1200!
Missing character: There is no ∼ ("223C) in font ecrm1200!
[4]
Missing character: There is no … ("2026) in font ecrm1200!
Missing character: There is no ̂ ("302) in font ecrm1200!
Missing character: There is no ≤ ("2264) in font ecrm1200!
Missing character: There is no ̂ ("302) in font ecrm1200!
Missing character: There is no − ("2212) in font ecrm1200!
Missing character: There is no ̂ ("302) in font ecrm1200!
Missing character: There is no ̂ ("302) in font ecrm1200!
[5]
Missing character: There is no ⋅ ("22C5) in font ecrm1200!
Missing character: There is no ⋅ ("22C5) in font ecrm1200!

Underfull \hbox (badness 1953) in paragraph at lines 302--303
\T1/lmr/m/n/12 suotimen toi-min-ta-pe-ri-aa-te pe-rus-tuu epä-li-ne-aa-ris-ten 
funk-tioi-den li-nea-ri-soin-tiin
 []


Underfull \hbox (badness 1377) in paragraph at lines 306--307
[]\T1/lmr/m/n/12 Joitakin suo-di-non-gel-man re-kur-sii-vi-sia Mon-te Car-lo -r
atkaisuja löy-tyy jo
 []


Underfull \hbox (badness 4492) in paragraph at lines 306--307
\T1/lmr/m/n/12 ha-lu-tun ja-kau-maes-ti-maa-tin las-ken-nas-sa. Tärkeytysotanta
-algoritmiin voi-daan
 []


Underfull \vbox (badness 10000) has occurred while \output is active []

[6]
Missing character: There is no ∶ ("2236) in font ecrm0800!
Missing character: There is no ∶ ("2236) in font ecrm0800!
Missing character: There is no ∫ ("222B) in font ecrm1200!
Missing character: There is no ∶ ("2236) in font ecrm0800!
Missing character: There is no ∶ ("2236) in font ecrm0800!
Missing character: There is no ∫ ("222B) in font ecrm1200!
Missing character: There is no ∶ ("2236) in font ecrm0800!
Missing character: There is no ∶ ("2236) in font ecrm0800!
Missing character: There is no … ("2026) in font ecrm1200!
Missing character: There is no ∼ ("223C) in font ecrm1200!
Missing character: There is no ∶ ("2236) in font ecrm0800!
Missing character: There is no … ("2026) in font ecrm1200!
[7]
Missing character: There is no ∶ ("2236) in font ecrm0800!
Missing character: There is no ≃ ("2243) in font ecrm1200!
Missing character: There is no ∑ ("2211) in font ecrm1200!
Missing character: There is no ∶ ("2236) in font ecrm0800!
Missing character: There is no ≃ ("2243) in font ecrm1200!
Missing character: There is no ∑ ("2211) in font ecrm1200!
Missing character: There is no … ("2026) in font ecrm1200!
Missing character: There is no ∶ ("2236) in font ecrm0800!
Missing character: There is no ∶ ("2236) in font ecrm0800!
Missing character: There is no ∶ ("2236) in font ecrm0800!
Missing character: There is no ∶ ("2236) in font ecrm0800!
Missing character: There is no ∶ ("2236) in font ecrm0800!
Missing character: There is no ∫ ("222B) in font ecrm1200!
Missing character: There is no ∶ ("2236) in font ecrm0800!
Missing character: There is no ∫ ("222B) in font ecrm1200!
Missing character: There is no ∶ ("2236) in font ecrm0800!
Missing character: There is no ∶ ("2236) in font ecrm0800!
Missing character: There is no ∶ ("2236) in font ecrm0800!
Missing character: There is no ∫ ("222B) in font ecrm1200!
Missing character: There is no ∶ ("2236) in font ecrm0800!
Missing character: There is no ∫ ("222B) in font ecrm1200!
Missing character: There is no ∶ ("2236) in font ecrm0800!
Missing character: There is no ∶ ("2236) in font ecrm0800!
Missing character: There is no ∶ ("2236) in font ecrm0800!
Missing character: There is no ∼ ("223C) in font ecrm1200!
Missing character: There is no ∶ ("2236) in font ecrm0800!
Missing character: There is no ∶ ("2236) in font ecrm0800!
Missing character: There is no ≃ ("2243) in font ecrm1200!
Missing character: There is no ∑ ("2211) in font ecrm1200!
Missing character: There is no ∶ ("2236) in font ecrm0800!
Missing character: There is no ∶ ("2236) in font ecrm0800!
Missing character: There is no ∑ ("2211) in font ecrm1200!
Missing character: There is no ∶ ("2236) in font ecrm0800!
Missing character: There is no ≃ ("2243) in font ecrm1200!
Missing character: There is no ∑ ("2211) in font ecrm1200!
Missing character: There is no ∶ ("2236) in font ecrm0800!
Missing character: There is no ∶ ("2236) in font ecrm0800!
Missing character: There is no ∑ ("2211) in font ecrm1200!
Missing character: There is no … ("2026) in font ecrm1200!
Missing character: There is no ̂ ("302) in font ecrm1200!
Missing character: There is no ∶ ("2236) in font ecrm0800!
Missing character: There is no ∑ ("2211) in font ecrm1200!
Missing character: There is no 𝛿 ("1D6FF) in font ecrm1200!
Missing character: There is no − ("2212) in font ecrm1200!
Missing character: There is no ̂ ("302) in font ecrm1200!
Missing character: There is no ∶ ("2236) in font ecrm0800!
Missing character: There is no ∑ ("2211) in font ecrm1200!
Missing character: There is no 𝛿 ("1D6FF) in font ecrm1200!
Missing character: There is no − ("2212) in font ecrm1200!
Missing character: There is no 𝛿 ("1D6FF) in font ecrm1200!
Missing character: There is no … ("2026) in font ecrm1200!
Missing character: There is no ∼ ("223C) in font ecrm1200!
Missing character: There is no ∶ ("2236) in font ecrm0800!
Missing character: There is no ∗ ("2217) in font ecrm0800!
Missing character: There is no ∶ ("2236) in font ecrm0800!
Missing character: There is no ∶ ("2236) in font ecrm0800!
Missing character: There is no ∗ ("2217) in font ecrm0800!
Missing character: There is no ∑ ("2211) in font ecrm1200!
Missing character: There is no ∗ ("2217) in font ecrm0800!
Missing character: There is no ∶ ("2236) in font ecrm0800!
Missing character: There is no ≃ ("2243) in font ecrm1200!
Missing character: There is no ∑ ("2211) in font ecrm1200!
[8]
Missing character: There is no ∶ ("2236) in font ecrm0800!
Missing character: There is no ̂ ("302) in font ecrm1200!
Missing character: There is no ∶ ("2236) in font ecrm0800!
Missing character: There is no … ("2026) in font ecrm1200!
Missing character: There is no ∶ ("2236) in font ecrm0800!
Missing character: There is no ∶ ("2236) in font ecrm0800!
Missing character: There is no − ("2212) in font ecrm0800!
Missing character: There is no ∶ ("2236) in font ecrm0800!
Missing character: There is no − ("2212) in font ecrm0800!
Missing character: There is no ∶ ("2236) in font ecrm0800!
Missing character: There is no ∶ ("2236) in font ecrm0800!
Missing character: There is no − ("2212) in font ecrm0800!
Missing character: There is no ∶ ("2236) in font ecrm0800!
Missing character: There is no − ("2212) in font ecrm0800!
Missing character: There is no ∶ ("2236) in font ecrm0800!
Missing character: There is no − ("2212) in font ecrm0800!
Missing character: There is no ∫ ("222B) in font ecrm1200!
Missing character: There is no ∶ ("2236) in font ecrm0800!
Missing character: There is no − ("2212) in font ecrm0800!
Missing character: There is no ∶ ("2236) in font ecrm0800!
Missing character: There is no − ("2212) in font ecrm0800!
Missing character: There is no ∫ ("222B) in font ecrm1200!
Missing character: There is no ∶ ("2236) in font ecrm0800!
Missing character: There is no − ("2212) in font ecrm0800!
Missing character: There is no ∫ ("222B) in font ecrm1200!
Missing character: There is no ∞ ("221E) in font ecrm0800!
Missing character: There is no − ("2212) in font ecrm0800!
Missing character: There is no ∞ ("221E) in font ecrm0800!
Missing character: There is no ∶ ("2236) in font ecrm0800!
Missing character: There is no ∫ ("222B) in font ecrm1200!
Missing character: There is no ∶ ("2236) in font ecrm0800!
Missing character: There is no ∶ ("2236) in font ecrm0800!
Missing character: There is no ∫ ("222B) in font ecrm1200!
Missing character: There is no ∶ ("2236) in font ecrm0800!
Missing character: There is no ∶ ("2236) in font ecrm0800!
[9] [10]
\bbl@ensure@finnish {Luku} 2.
Missing character: There is no ∼ ("223C) in font ecrm1200!
Missing character: There is no … ("2026) in font ecrm1200!
Missing character: There is no … ("2026) in font ecrm1200!
Missing character: There is no … ("2026) in font ecrm1200!
Missing character: There is no − ("2212) in font ecrm0800!
Missing character: There is no − ("2212) in font ecrm0800!
Missing character: There is no ∑ ("2211) in font ecrm1200!
Missing character: There is no ∑ ("2211) in font ecrm1200!
Missing character: There is no − ("2212) in font ecrm0800!
Missing character: There is no ∑ ("2211) in font ecrm1200!
Missing character: There is no − ("2212) in font ecrm0800!
Missing character: There is no ∶ ("2236) in font ecrm0800!
Missing character: There is no ∶ ("2236) in font ecrm0800!
Missing character: There is no ̂ ("302) in font ecrm1200!
Missing character: There is no ∶ ("2236) in font ecrm0800!
Missing character: There is no ∶ ("2236) in font ecrm0800!
Missing character: There is no ∑ ("2211) in font ecrm1200!
Missing character: There is no 𝛿 ("1D6FF) in font ecrm1200!
Missing character: There is no ∶ ("2236) in font ecrm0800!
Missing character: There is no − ("2212) in font ecrm1200!
Missing character: There is no ∶ ("2236) in font ecrm0800!
Missing character: There is no ̂ ("302) in font ecrm1200!
Missing character: There is no ∶ ("2236) in font ecrm0800!
Missing character: There is no ∶ ("2236) in font ecrm0800!
Missing character: There is no ∑ ("2211) in font ecrm1200!
Missing character: There is no 𝛿 ("1D6FF) in font ecrm1200!
Missing character: There is no ∶ ("2236) in font ecrm0800!
Missing character: There is no − ("2212) in font ecrm1200!
Missing character: There is no ∶ ("2236) in font ecrm0800!
Missing character: There is no ̂ ("302) in font ecrm1200!
[11

]
Missing character: There is no ∼ ("223C) in font ecrm1200!
Missing character: There is no ∼ ("223C) in font ecrm1200!
Missing character: There is no ∶ ("2236) in font ecrm0800!
Missing character: There is no ∶ ("2236) in font ecrm0800!
Missing character: There is no ∼ ("223C) in font ecrm1200!
Missing character: There is no … ("2026) in font ecrm1200!
Missing character: There is no … ("2026) in font ecrm1200!
Missing character: There is no … ("2026) in font ecrm1200!
Missing character: There is no ̂ ("302) in font ecrm1200!
Missing character: There is no ∶ ("2236) in font ecrm0800!
Missing character: There is no ∶ ("2236) in font ecrm0800!
Missing character: There is no ∑ ("2211) in font ecrm1200!
Missing character: There is no 𝛿 ("1D6FF) in font ecrm1200!
Missing character: There is no ∶ ("2236) in font ecrm0800!
Missing character: There is no − ("2212) in font ecrm1200!
Missing character: There is no ∶ ("2236) in font ecrm0800!
Missing character: There is no ̂ ("302) in font ecrm1200!
Missing character: There is no ̂ ("302) in font ecrm1200!
Missing character: There is no ∶ ("2236) in font ecrm0800!
Missing character: There is no ∼ ("223C) in font ecrm1200!

Underfull \vbox (badness 10000) has occurred while \output is active []

[12]
Missing character: There is no ∶ ("2236) in font ecrm0800!
[13]
Missing character: There is no ∶ ("2236) in font ecrm0800!
Missing character: There is no − ("2212) in font ecrm0800!
Missing character: There is no 𝜈 ("1D708) in font ecrm0800!
Missing character: There is no 𝜈 ("1D708) in font ecrm0800!
Missing character: There is no 𝜈 ("1D708) in font ecrm0800!
Missing character: There is no − ("2212) in font ecrm1200!
Missing character: There is no ̂ ("302) in font ecrm1200!
Missing character: There is no ∑ ("2211) in font ecrm1200!
Missing character: There is no ̂ ("302) in font ecrm1200!
Missing character: There is no ∑ ("2211) in font ecrm1200!
Missing character: There is no ≤ ("2264) in font ecrm1200!
Missing character: There is no ̂ ("302) in font ecrm1200!
Missing character: There is no ≤ ("2264) in font ecrm1200!
Missing character: There is no ̂ ("302) in font ecrm1200!
Missing character: There is no ̂ ("302) in font ecrm1200!
Missing character: There is no ∶ ("2236) in font ecrm0800!
Missing character: There is no ∶ ("2236) in font ecrm0800!
Missing character: There is no ∶ ("2236) in font ecrm1200!
[14]
Missing character: There is no ∶ ("2236) in font ecrm0800!
Missing character: There is no ∶ ("2236) in font ecrm0800!
Missing character: There is no ∶ ("2236) in font ecrm0800!
Missing character: There is no − ("2212) in font ecrm0800!
Missing character: There is no ∶ ("2236) in font ecrm0800!
Missing character: There is no ∶ ("2236) in font ecrm0800!
Missing character: There is no − ("2212) in font ecrm0800!
Missing character: There is no ∶ ("2236) in font ecrm0800!
Missing character: There is no ∶ ("2236) in font ecrm0800!
Missing character: There is no ∶ ("2236) in font ecrm0800!
Missing character: There is no ∶ ("2236) in font ecrm0800!
Missing character: There is no − ("2212) in font ecrm0800!
Missing character: There is no ∶ ("2236) in font ecrm0800!
Missing character: There is no ∶ ("2236) in font ecrm0800!
Missing character: There is no − ("2212) in font ecrm0800!
Missing character: There is no ∶ ("2236) in font ecrm0800!
Missing character: There is no ∶ ("2236) in font ecrm0800!
Missing character: There is no − ("2212) in font ecrm0800!
Missing character: There is no ∶ ("2236) in font ecrm0800!
Missing character: There is no − ("2212) in font ecrm0800!
Missing character: There is no ∶ ("2236) in font ecrm0800!

Underfull \hbox (badness 10000) in paragraph at lines 515--516
[]\T1/lmr/m/n/12 Jos yh-tä-lös-tä ([][]2.8[][]) poi-mi-taan eh-do-tus-ja-kau-ma
k-si ai-noas-taan ter-mi
 []


Underfull \hbox (badness 1789) in paragraph at lines 515--516
$\OML/lmm/m/it/12 q\T1/latinmodern-math.otf(1)/m/n/12 (\OML/lmm/m/it/12 x[]\T1/
latinmodern-math.otf(1)/m/n/12 |\OML/lmm/m/it/12 x[]\T1/latinmodern-math.otf(1)
/m/n/12 , \OML/lmm/m/it/12 y[]\T1/latinmodern-math.otf(1)/m/n/12 )$ \T1/lmr/m/n
/12 voi-daan tä-mä kir-joit-taa edel-leen Markov-ominaisuuden no-jal-la
 []

Missing character: There is no ∝ ("221D) in font ecrm1200!
Missing character: There is no − ("2212) in font ecrm0800!
Missing character: There is no ∝ ("221D) in font ecrm1200!
Missing character: There is no − ("2212) in font ecrm0800!
Missing character: There is no ∝ ("221D) in font ecrm1200!
Missing character: There is no − ("2212) in font ecrm0800!
Missing character: There is no − ("2212) in font ecrm0800!
Missing character: There is no − ("2212) in font ecrm0800!
Missing character: There is no − ("2212) in font ecrm0800!
Missing character: There is no ∝ ("221D) in font ecrm1200!
Missing character: There is no − ("2212) in font ecrm0800!
Missing character: There is no − ("2212) in font ecrm0800!
Missing character: There is no − ("2212) in font ecrm0800!
Missing character: There is no − ("2212) in font ecrm0800!
Missing character: There is no ∶ ("2236) in font ecrm0800!
Missing character: There is no − ("2212) in font ecrm0800!
Missing character: There is no − ("2212) in font ecrm0800!
Missing character: There is no ∶ ("2236) in font ecrm0800!
Missing character: There is no − ("2212) in font ecrm0800!
Missing character: There is no − ("2212) in font ecrm0800!
Missing character: There is no − ("2212) in font ecrm0800!
Missing character: There is no − ("2212) in font ecrm0800!
Missing character: There is no − ("2212) in font ecrm0800!
Missing character: There is no − ("2212) in font ecrm0800!
Missing character: There is no − ("2212) in font ecrm0800!
Missing character: There is no − ("2212) in font ecrm0800!
Missing character: There is no − ("2212) in font ecrm0800!
Missing character: There is no − ("2212) in font ecrm0800!
Missing character: There is no − ("2212) in font ecrm0800!
Missing character: There is no − ("2212) in font ecrm0800!
Missing character: There is no − ("2212) in font ecrm0800!
Missing character: There is no − ("2212) in font ecrm0800!
Missing character: There is no − ("2212) in font ecrm0800!
Missing character: There is no ∝ ("221D) in font ecrm1200!
Missing character: There is no − ("2212) in font ecrm0800!
Missing character: There is no ∝ ("221D) in font ecrm1200!
Missing character: There is no − ("2212) in font ecrm0800!
Missing character: There is no ∝ ("221D) in font ecrm1200!
[15]
Missing character: There is no − ("2212) in font ecrm0800!
Missing character: There is no − ("2212) in font ecrm0800!
Missing character: There is no − ("2212) in font ecrm0800!
Missing character: There is no − ("2212) in font ecrm0800!
Missing character: There is no − ("2212) in font ecrm0800!
Missing character: There is no − ("2212) in font ecrm0800!
Missing character: There is no ̂ ("302) in font ecrm1200!
Missing character: There is no ∶ ("2236) in font ecrm0800!
Missing character: There is no ∶ ("2236) in font ecrm0800!
Missing character: There is no ∶ ("2236) in font ecrm0800!
Missing character: There is no ∶ ("2236) in font ecrm0800!
Missing character: There is no → ("2192) in font ecrm1200!
Missing character: There is no ∞ ("221E) in font ecrm1200!
Missing character: There is no ∀ ("2200) in font ecrm1200!
Missing character: There is no − ("2212) in font ecrm1200!
Missing character: There is no − ("2212) in font ecrm1200!
Missing character: There is no − ("2212) in font ecrm0800!
Missing character: There is no − ("2212) in font ecrm0600!
Missing character: There is no − ("2212) in font ecrm1200!
Missing character: There is no − ("2212) in font ecrm1200!
Missing character: There is no − ("2212) in font ecrm0800!
Missing character: There is no − ("2212) in font ecrm0600!
Missing character: There is no → ("2192) in font ecrm1200!
Missing character: There is no ̂ ("302) in font ecrm1200!
Missing character: There is no ∶ ("2236) in font ecrm0800!
Missing character: There is no ∶ ("2236) in font ecrm0800!
Missing character: There is no ∶ ("2236) in font ecrm0800!
Missing character: There is no ∶ ("2236) in font ecrm0800!
Missing character: There is no − ("2212) in font ecrm1200!
Missing character: There is no − ("2212) in font ecrm1200!
Missing character: There is no − ("2212) in font ecrm0800!
Missing character: There is no − ("2212) in font ecrm0600!
Missing character: There is no − ("2212) in font ecrm1200!
Missing character: There is no − ("2212) in font ecrm1200!
Missing character: There is no − ("2212) in font ecrm0800!
Missing character: There is no − ("2212) in font ecrm0600!
Missing character: There is no → ("2192) in font ecrm1200!
Missing character: There is no ̂ ("302) in font ecrm1200!
Missing character: There is no ∶ ("2236) in font ecrm0800!
Missing character: There is no ∶ ("2236) in font ecrm0800!
Missing character: There is no ∶ ("2236) in font ecrm0800!
Missing character: There is no ∶ ("2236) in font ecrm0800!
Missing character: There is no ̂ ("302) in font ecrm1200!
Missing character: There is no − ("2212) in font ecrm1200!
Missing character: There is no ≤ ("2264) in font ecrm1200!
Missing character: There is no ̂ ("302) in font ecrm1200!
Missing character: There is no − ("2212) in font ecrm1200!
Missing character: There is no ≤ ("2264) in font ecrm1200!
Missing character: There is no ∈ ("2208) in font ecrm1200!
Missing character: There is no ⋅ ("22C5) in font ecrm1200!
Missing character: There is no ∞ ("221E) in font ecrm1200!
Missing character: There is no ∶ ("2236) in font ecrm0800!
Missing character: There is no ∶ ("2236) in font ecrm0800!
Missing character: There is no ∶ ("2236) in font ecrm0800!
Missing character: There is no ̂ ("302) in font ecrm1200!
Missing character: There is no ∶ ("2236) in font ecrm0800!
Missing character: There is no ∑ ("2211) in font ecrm1200!
Missing character: There is no 𝛿 ("1D6FF) in font ecrm1200!
Missing character: There is no − ("2212) in font ecrm1200!
Missing character: There is no ̂ ("302) in font ecrm1200!
Missing character: There is no ∶ ("2236) in font ecrm0800!
Missing character: There is no ∑ ("2211) in font ecrm1200!
Missing character: There is no 𝛿 ("1D6FF) in font ecrm1200!
Missing character: There is no − ("2212) in font ecrm1200!
Missing character: There is no ∑ ("2211) in font ecrm1200!
Missing character: There is no ∑ ("2211) in font ecrm1200!
[16]
Missing character: There is no → ("2192) in font ecrm1200!

Underfull \hbox (badness 3769) in paragraph at lines 595--596
\T1/lmr/m/n/12 mar-gi-na-li-soin-ti tär-key-tys-pai-nol-la ([][]2.19[][]) li-sä
ä al-go-rit-min ai-ka-komplek-si-suut-ta
 []

[17] [18

]
\bbl@ensure@finnish {Luku} 3.
[19] [20

]
\bbl@ensure@finnish {Luku} 4.

Underfull \hbox (badness 1708) in paragraph at lines 623--624
\T1/lmr/m/n/12 Sisätilapaikannus tar-koit-taa ni-men-sä mu-kai-ses-ti ih-mis-te
n tai esi-nei-den au-to-
 []

[21]
Missing character: There is no − ("2212) in font ecrm1200!
File: ./images//foculator.jpeg Graphic file (type bmp)
<./images//foculator.jpeg>
File: ./images//xr_2.jpeg Graphic file (type bmp)
<./images//xr_2.jpeg>
File: ./images//office_map.png Graphic file (type bmp)
<./images//office_map.png>

Underfull \vbox (badness 10000) has occurred while \output is active []

[22]
Missing character: There is no 𝜃 ("1D703) in font ecrm1200!
Missing character: There is no 𝛷 ("1D6F7) in font ecrm1200!
Missing character: There is no 𝛷 ("1D6F7) in font ecrm1200!
Missing character: There is no ′ ("2032) in font ecrm0800!
Missing character: There is no 𝜂 ("1D702) in font ecrm1200!

Overfull \hbox (18.33588pt too wide) in paragraph at lines 669--687
 [][] 
 []


Underfull \vbox (badness 1348) has occurred while \output is active []

[23]
Missing character: There is no 𝜙 ("1D719) in font ecrm1200!
Missing character: There is no 𝜂 ("1D702) in font ecrm1200!
Missing character: There is no 𝛷 ("1D6F7) in font ecrm1200!
Missing character: There is no 𝛷 ("1D6F7) in font ecrm1200!
Missing character: There is no 𝜃 ("1D703) in font ecrm1200!
Missing character: There is no 𝜂 ("1D702) in font ecrm1200!
Missing character: There is no 𝛷 ("1D6F7) in font ecrm1200!
Missing character: There is no 𝜃 ("1D703) in font ecrm1200!
Missing character: There is no 𝜂 ("1D702) in font ecrm1200!
Missing character: There is no 𝛷 ("1D6F7) in font ecrm1200!
Missing character: There is no 𝛷 ("1D6F7) in font ecrm1200!
Missing character: There is no ′ ("2032) in font ecrm0800!
Missing character: There is no 𝛷 ("1D6F7) in font ecrm1200!
Missing character: There is no ′ ("2032) in font ecrm0800!
Missing character: There is no 𝜋 ("1D70B) in font ecrm1200!
Missing character: There is no 𝛷 ("1D6F7) in font ecrm1200!
Missing character: There is no 𝛷 ("1D6F7) in font ecrm1200!
Missing character: There is no ′ ("2032) in font ecrm0800!
Missing character: There is no 𝜋 ("1D70B) in font ecrm1200!
Missing character: There is no 𝛷 ("1D6F7) in font ecrm1200!
[24]
Missing character: There is no ∶ ("2236) in font ecrm0800!
Missing character: There is no … ("2026) in font ecrm1200!
Missing character: There is no 𝜓 ("1D713) in font ecrm1200!
Missing character: There is no 𝜓 ("1D713) in font ecrm1200!
Missing character: There is no 𝜈 ("1D708) in font ecrm1200!
Missing character: There is no 𝜈 ("1D708) in font ecrm1200!
Missing character: There is no 𝜓 ("1D713) in font ecrm1200!
Missing character: There is no 𝜓 ("1D713) in font ecrm1200!
Missing character: There is no 𝜈 ("1D708) in font ecrm1200!
Missing character: There is no 𝜈 ("1D708) in font ecrm1200!
Missing character: There is no 𝜓 ("1D713) in font ecrm1200!
Missing character: There is no 𝜈 ("1D708) in font ecrm1200!
Missing character: There is no ∼ ("223C) in font ecrm1200!
Missing character: There is no 𝜇 ("1D707) in font ecrm1200!
Missing character: There is no 𝜎 ("1D70E) in font ecrm1200!
Missing character: There is no ⋅ ("22C5) in font ecrm1200!

Underfull \hbox (badness 1365) in paragraph at lines 733--734
\T1/lmr/m/n/12 teen/robotin at-si-muut-ti/suuntimakulma ky-sei-se-nä ajan-het-k
e-nä. $[]$ on ko-hi-naa,
 []

Missing character: There is no ∶ ("2236) in font ecrm0800!
Missing character: There is no … ("2026) in font ecrm1200!
Missing character: There is no … ("2026) in font ecrm1200!
Missing character: There is no ∑ ("2211) in font ecrm1200!
Missing character: There is no ⋮ ("22EE) in font ecrm1200!
Missing character: There is no ∑ ("2211) in font ecrm1200!
Missing character: There is no ∑ ("2211) in font ecrm1200!
Missing character: There is no ⋮ ("22EE) in font ecrm1200!
Missing character: There is no ∑ ("2211) in font ecrm1200!
Missing character: There is no … ("2026) in font ecrm1200!
Missing character: There is no 𝜆 ("1D706) in font ecrm1200!
Missing character: There is no 𝜙 ("1D719) in font ecrm1200!
Missing character: There is no 𝜆 ("1D706) in font ecrm1200!
Missing character: There is no 𝜙 ("1D719) in font ecrm1200!
Missing character: There is no ⋮ ("22EE) in font ecrm1200!
Missing character: There is no ⋮ ("22EE) in font ecrm1200!
Missing character: There is no 𝜆 ("1D706) in font ecrm1200!
Missing character: There is no 𝜙 ("1D719) in font ecrm1200!
Missing character: There is no 𝜆 ("1D706) in font ecrm1200!
Missing character: There is no 𝜙 ("1D719) in font ecrm1200!
Missing character: There is no ⋮ ("22EE) in font ecrm1200!
Missing character: There is no ⋮ ("22EE) in font ecrm1200!
Missing character: There is no 𝜆 ("1D706) in font ecrm1200!
Missing character: There is no 𝜙 ("1D719) in font ecrm1200!
[25]
Missing character: There is no 𝜙 ("1D719) in font ecrm1200!
Missing character: There is no − ("2212) in font ecrm1200!
Missing character: There is no ⋮ ("22EE) in font ecrm1200!
Missing character: There is no 𝜙 ("1D719) in font ecrm1200!
Missing character: There is no − ("2212) in font ecrm1200!
Missing character: There is no 𝜆 ("1D706) in font ecrm1200!
Missing character: There is no − ("2212) in font ecrm1200!
Missing character: There is no ⋮ ("22EE) in font ecrm1200!
Missing character: There is no 𝜆 ("1D706) in font ecrm1200!
Missing character: There is no − ("2212) in font ecrm1200!
Missing character: There is no 𝜙 ("1D719) in font ecrm1200!
Missing character: There is no − ("2212) in font ecrm1200!
Missing character: There is no ⋮ ("22EE) in font ecrm1200!
Missing character: There is no 𝜙 ("1D719) in font ecrm1200!
Missing character: There is no − ("2212) in font ecrm1200!
Missing character: There is no 𝜆 ("1D706) in font ecrm1200!
Missing character: There is no − ("2212) in font ecrm1200!
Missing character: There is no ⋮ ("22EE) in font ecrm1200!
Missing character: There is no 𝜆 ("1D706) in font ecrm1200!
Missing character: There is no − ("2212) in font ecrm1200!
Missing character: There is no 𝜋 ("1D70B) in font ecrm1200!
Missing character: There is no ≥ ("2265) in font ecrm1200!
Missing character: There is no − ("2212) in font ecrm1200!
Missing character: There is no 𝜋 ("1D70B) in font ecrm1200!
Missing character: There is no 𝜋 ("1D70B) in font ecrm0800!
Missing character: There is no − ("2212) in font ecrm1200!
Missing character: There is no 𝜋 ("1D70B) in font ecrm0800!
Missing character: There is no 𝜋 ("1D70B) in font ecrm1200!
Missing character: There is no ≥ ("2265) in font ecrm1200!
Missing character: There is no − ("2212) in font ecrm1200!
Missing character: There is no 𝜋 ("1D70B) in font ecrm1200!
Missing character: There is no 𝜋 ("1D70B) in font ecrm0800!
Missing character: There is no − ("2212) in font ecrm1200!
Missing character: There is no 𝜋 ("1D70B) in font ecrm0800!
Missing character: There is no ∼ ("223C) in font ecrm1200!
Missing character: There is no 𝛴 ("1D6F4) in font ecrm1200!
Missing character: There is no ̂ ("302) in font ecrm1200!
Missing character: There is no 𝜎 ("1D70E) in font ecrm1200!
Missing character: There is no … ("2026) in font ecrm1200!
Missing character: There is no ̂ ("302) in font ecrm1200!
Missing character: There is no 𝜎 ("1D70E) in font ecrm1200!
Missing character: There is no − ("2212) in font ecrm0800!
Missing character: There is no ∑ ("2211) in font ecrm1200!
Missing character: There is no − ("2212) in font ecrm1200!
Missing character: There is no ̄ ("304) in font ecrm1200!
Missing character: There is no … ("2026) in font ecrm1200!
Missing character: There is no ∑ ("2211) in font ecrm1200!
Missing character: There is no − ("2212) in font ecrm1200!
Missing character: There is no ̄ ("304) in font ecrm1200!
Missing character: There is no ∝ ("221D) in font ecrm1200!
Missing character: There is no ∏ ("220F) in font ecrm1200!
Missing character: There is no − ("2212) in font ecrm1200!
Missing character: There is no − ("2212) in font ecrm1200!
Missing character: There is no ̂ ("302) in font ecrm1200!
Missing character: There is no 𝜎 ("1D70E) in font ecrm1200!
Missing character: There is no ∝ ("221D) in font ecrm1200!
Missing character: There is no ∏ ("220F) in font ecrm1200!
Missing character: There is no − ("2212) in font ecrm1200!
Missing character: There is no − ("2212) in font ecrm1200!
Missing character: There is no ̂ ("302) in font ecrm1200!
Missing character: There is no 𝜎 ("1D70E) in font ecrm1200!
Missing character: There is no ⋅ ("22C5) in font ecrm1200!
Missing character: There is no ⋅ ("22C5) in font ecrm1200!
Missing character: There is no ̂ ("302) in font ecrm1200!
Missing character: There is no 𝜖 ("1D716) in font ecrm1200!
Missing character: There is no ∑ ("2211) in font ecrm1200!
Missing character: There is no 𝜖 ("1D716) in font ecrm1200!
Missing character: There is no ∑ ("2211) in font ecrm1200!
[26]
Missing character: There is no ⋅ ("22C5) in font ecrm1200!

Underfull \hbox (badness 1205) in paragraph at lines 783--784
[]\T1/lmr/m/n/12 Paikannusvirheen las-ke-mi-ses-sa on etäi-syys-funk-tio-na $\O
ML/lmm/m/it/12 d\T1/latinmodern-math.otf(1)/m/n/12 ()$ \T1/lmr/m/n/12 käy-tet-t
y \T1/lmtt/m/n/12 raster\T1/lmr/m/n/12 -
 []


Underfull \hbox (badness 1038) in paragraph at lines 783--784
\T1/lmr/m/n/12 kirjaston \T1/lmtt/m/n/12 pointDistance()\T1/lmr/m/n/12 -funktio
ta. Koo-dis-sa on ko-ros-tet-tu tii-viy-den si-jaan
 []

Missing character: There is no ∼ ("223C) in font ecrm1200!
Missing character: There is no 𝜆 ("1D706) in font ecrm1200!
Missing character: There is no 𝜆 ("1D706) in font ecrm1200!
Missing character: There is no ∼ ("223C) in font ecrm1200!
Missing character: There is no 𝜙 ("1D719) in font ecrm1200!
Missing character: There is no 𝜙 ("1D719) in font ecrm1200!
Missing character: There is no ∼ ("223C) in font ecrm1200!
Missing character: There is no 𝜆 ("1D706) in font ecrm1200!
Missing character: There is no 𝜆 ("1D706) in font ecrm1200!
Missing character: There is no ∼ ("223C) in font ecrm1200!
Missing character: There is no 𝜙 ("1D719) in font ecrm1200!
Missing character: There is no 𝜙 ("1D719) in font ecrm1200!
[27]

LaTeX Warning: Reference `total' on page 28 undefined on input line 798.


Underfull \hbox (badness 2772) in paragraph at lines 800--801
\T1/lmr/m/n/12 4.0.4. Tie-to-ko-nee-na käy-tet-tiin vuo-den 2017 mal-lia ole-va
a Mac-Book Pro -
 []


Underfull \hbox (badness 1845) in paragraph at lines 800--801
\T1/lmr/m/n/12 kirjastoa. Jo-kai-nen al-go-rit-mi tois-tet-tiin kym-me-nen ker-
taa ja suo-ri-tus-no-peus
 []

Missing character: There is no − ("2212) in font ecrm1200!
Missing character: There is no − ("2212) in font ecrm0800!
LaTeX Font Info:    External font `lmex10' loaded for size
(Font)              <10> on input line 819.
LaTeX Font Info:    External font `lmex10' loaded for size
(Font)              <7> on input line 819.
LaTeX Font Info:    External font `lmex10' loaded for size
(Font)              <5> on input line 819.

Underfull \vbox (badness 2277) has occurred while \output is active []

[28] [29] [30

]
\bbl@ensure@finnish {Luku} 5.
Excluding 'comment' comment. [31] [32

]
\bbl@ensure@finnish {Luku} 6.
LaTeX Font Info:    Font shape `T1/lmtt/bx/n' in size <24.88> not available
(Font)              Font shape `T1/lmtt/b/n' tried instead on input line 879.
(./gradu.bbl [33] [34

]) [35] (./gradu.aux)

LaTeX Font Warning: Some font shapes were not available, defaults substituted.


LaTeX Warning: There were undefined references.

 ) 
Here is how much of TeX's memory you used:
 35638 strings out of 476179
 708526 string characters out of 5809544
 1129146 words of memory out of 5000000
 55736 multiletter control sequences out of 15000+600000
 537098 words of font info for 102 fonts, out of 8000000 for 9000
 1348 hyphenation exceptions out of 8191
 98i,20n,120p,1011b,1031s stack positions out of 10000i,1000n,20000p,200000b,200000s

Output written on gradu.pdf (39 pages).
